{"/home/travis/build/npmtest/node-npmtest-osmtogeojson/test.js":{"path":"/home/travis/build/npmtest/node-npmtest-osmtogeojson/test.js","s":{"1":2,"2":2,"3":2,"4":2,"5":2,"6":2,"7":2,"8":1,"9":2,"10":2,"11":1,"12":1,"13":1,"14":1,"15":2,"16":2,"17":2,"18":2,"19":1,"20":1,"21":2,"22":2,"23":2,"24":1,"25":1,"26":1,"27":1,"28":1,"29":1,"30":1,"31":1,"32":1,"33":1,"34":1,"35":1,"36":1,"37":1,"38":1,"39":2,"40":2,"41":1,"42":2,"43":2,"44":1,"45":2,"46":2,"47":1,"48":2,"49":2,"50":1,"51":1,"52":1,"53":1,"54":1},"b":{"1":[2,1,1,1],"2":[1,1,1,1],"3":[1,1],"4":[1,1],"5":[1,1],"6":[1,1],"7":[1,1],"8":[1,1],"9":[1,1],"10":[1,1,1],"11":[1,1],"12":[1,1],"13":[1,1],"14":[1,1],"15":[1,1],"16":[1,1],"17":[1,1]},"f":{"1":2,"2":2,"3":2,"4":2,"5":2,"6":1,"7":1,"8":1,"9":2,"10":2,"11":2,"12":2,"13":1},"fnMap":{"1":{"name":"(anonymous_1)","line":12,"loc":{"start":{"line":12,"column":1},"end":{"line":12,"column":13}}},"2":{"name":"(anonymous_2)","line":19,"loc":{"start":{"line":19,"column":5},"end":{"line":19,"column":17}}},"3":{"name":"(anonymous_3)","line":23,"loc":{"start":{"line":23,"column":24},"end":{"line":23,"column":36}}},"4":{"name":"(anonymous_4)","line":61,"loc":{"start":{"line":61,"column":5},"end":{"line":61,"column":17}}},"5":{"name":"(anonymous_5)","line":82,"loc":{"start":{"line":82,"column":5},"end":{"line":82,"column":17}}},"6":{"name":"(anonymous_6)","line":91,"loc":{"start":{"line":91,"column":77},"end":{"line":94,"column":10}}},"7":{"name":"(anonymous_7)","line":112,"loc":{"start":{"line":112,"column":83},"end":{"line":115,"column":10}},"skip":true},"8":{"name":"(anonymous_8)","line":123,"loc":{"start":{"line":123,"column":77},"end":{"line":126,"column":10}},"skip":true},"9":{"name":"(anonymous_9)","line":139,"loc":{"start":{"line":139,"column":12},"end":{"line":139,"column":40}},"skip":true},"10":{"name":"(anonymous_10)","line":147,"loc":{"start":{"line":147,"column":77},"end":{"line":150,"column":10}},"skip":true},"11":{"name":"(anonymous_11)","line":158,"loc":{"start":{"line":158,"column":83},"end":{"line":161,"column":10}},"skip":true},"12":{"name":"(anonymous_12)","line":169,"loc":{"start":{"line":169,"column":79},"end":{"line":172,"column":10}},"skip":true},"13":{"name":"(anonymous_13)","line":180,"loc":{"start":{"line":180,"column":75},"end":{"line":183,"column":10}},"skip":true}},"statementMap":{"1":{"start":{"line":12,"column":0},"end":{"line":195,"column":5}},"2":{"start":{"line":14,"column":4},"end":{"line":14,"column":14}},"3":{"start":{"line":19,"column":4},"end":{"line":56,"column":9}},"4":{"start":{"line":21,"column":8},"end":{"line":21,"column":19}},"5":{"start":{"line":23,"column":8},"end":{"line":35,"column":13}},"6":{"start":{"line":24,"column":12},"end":{"line":34,"column":13}},"7":{"start":{"line":25,"column":16},"end":{"line":28,"column":30}},"8":{"start":{"line":30,"column":16},"end":{"line":33,"column":27}},"9":{"start":{"line":37,"column":8},"end":{"line":39,"column":21}},"10":{"start":{"line":40,"column":8},"end":{"line":53,"column":9}},"11":{"start":{"line":43,"column":12},"end":{"line":46,"column":14}},"12":{"start":{"line":47,"column":12},"end":{"line":47,"column":18}},"13":{"start":{"line":50,"column":12},"end":{"line":51,"column":33}},"14":{"start":{"line":52,"column":12},"end":{"line":52,"column":18}},"15":{"start":{"line":55,"column":8},"end":{"line":55,"column":35}},"16":{"start":{"line":61,"column":4},"end":{"line":63,"column":9}},"17":{"start":{"line":62,"column":8},"end":{"line":62,"column":15}},"18":{"start":{"line":64,"column":4},"end":{"line":77,"column":5}},"19":{"start":{"line":70,"column":8},"end":{"line":70,"column":14}},"20":{"start":{"line":76,"column":8},"end":{"line":76,"column":14}},"21":{"start":{"line":82,"column":4},"end":{"line":84,"column":9}},"22":{"start":{"line":83,"column":8},"end":{"line":83,"column":15}},"23":{"start":{"line":85,"column":4},"end":{"line":194,"column":5}},"24":{"start":{"line":91,"column":8},"end":{"line":99,"column":10}},"25":{"start":{"line":98,"column":12},"end":{"line":98,"column":35}},"26":{"start":{"line":102,"column":8},"end":{"line":104,"column":63}},"27":{"start":{"line":105,"column":8},"end":{"line":105,"column":14}},"28":{"start":{"line":112,"column":8},"end":{"line":121,"column":10},"skip":true},"29":{"start":{"line":119,"column":12},"end":{"line":119,"column":55},"skip":true},"30":{"start":{"line":120,"column":12},"end":{"line":120,"column":48},"skip":true},"31":{"start":{"line":123,"column":8},"end":{"line":136,"column":10},"skip":true},"32":{"start":{"line":130,"column":12},"end":{"line":130,"column":76},"skip":true},"33":{"start":{"line":131,"column":12},"end":{"line":131,"column":73},"skip":true},"34":{"start":{"line":132,"column":12},"end":{"line":132,"column":74},"skip":true},"35":{"start":{"line":133,"column":12},"end":{"line":133,"column":79},"skip":true},"36":{"start":{"line":134,"column":12},"end":{"line":134,"column":25},"skip":true},"37":{"start":{"line":135,"column":12},"end":{"line":135,"column":45},"skip":true},"38":{"start":{"line":138,"column":8},"end":{"line":145,"column":14},"skip":true},"39":{"start":{"line":143,"column":16},"end":{"line":143,"column":29},"skip":true},"40":{"start":{"line":144,"column":16},"end":{"line":144,"column":55},"skip":true},"41":{"start":{"line":147,"column":8},"end":{"line":156,"column":10},"skip":true},"42":{"start":{"line":154,"column":12},"end":{"line":154,"column":25},"skip":true},"43":{"start":{"line":155,"column":12},"end":{"line":155,"column":45},"skip":true},"44":{"start":{"line":158,"column":8},"end":{"line":167,"column":10},"skip":true},"45":{"start":{"line":165,"column":12},"end":{"line":165,"column":25},"skip":true},"46":{"start":{"line":166,"column":12},"end":{"line":166,"column":48},"skip":true},"47":{"start":{"line":169,"column":8},"end":{"line":178,"column":10},"skip":true},"48":{"start":{"line":176,"column":12},"end":{"line":176,"column":25},"skip":true},"49":{"start":{"line":177,"column":12},"end":{"line":177,"column":46},"skip":true},"50":{"start":{"line":180,"column":8},"end":{"line":189,"column":10},"skip":true},"51":{"start":{"line":187,"column":12},"end":{"line":187,"column":94},"skip":true},"52":{"start":{"line":188,"column":12},"end":{"line":188,"column":48},"skip":true},"53":{"start":{"line":192,"column":8},"end":{"line":192,"column":35},"skip":true},"54":{"start":{"line":193,"column":8},"end":{"line":193,"column":14},"skip":true}},"branchMap":{"1":{"line":25,"type":"binary-expr","locations":[{"start":{"line":25,"column":23},"end":{"line":25,"column":62}},{"start":{"line":26,"column":20},"end":{"line":26,"column":70}},{"start":{"line":27,"column":20},"end":{"line":27,"column":71}},{"start":{"line":28,"column":20},"end":{"line":28,"column":29}}]},"2":{"line":30,"type":"binary-expr","locations":[{"start":{"line":30,"column":23},"end":{"line":30,"column":37}},{"start":{"line":31,"column":20},"end":{"line":31,"column":61}},{"start":{"line":32,"column":20},"end":{"line":32,"column":70}},{"start":{"line":33,"column":20},"end":{"line":33,"column":26}}]},"3":{"line":37,"type":"cond-expr","locations":[{"start":{"line":38,"column":14},"end":{"line":38,"column":20}},{"start":{"line":39,"column":14},"end":{"line":39,"column":20}}]},"4":{"line":40,"type":"switch","locations":[{"start":{"line":42,"column":8},"end":{"line":47,"column":18}},{"start":{"line":49,"column":8},"end":{"line":52,"column":18}}]},"5":{"line":44,"type":"binary-expr","locations":[{"start":{"line":44,"column":16},"end":{"line":44,"column":44}},{"start":{"line":44,"column":48},"end":{"line":44,"column":66}}]},"6":{"line":50,"type":"binary-expr","locations":[{"start":{"line":50,"column":21},"end":{"line":50,"column":49}},{"start":{"line":50,"column":53},"end":{"line":50,"column":72}}]},"7":{"line":64,"type":"switch","locations":[{"start":{"line":69,"column":4},"end":{"line":70,"column":14}},{"start":{"line":75,"column":4},"end":{"line":76,"column":14}}]},"8":{"line":85,"type":"switch","locations":[{"start":{"line":90,"column":4},"end":{"line":105,"column":14}},{"start":{"line":111,"column":4},"end":{"line":193,"column":14},"skip":true}]},"9":{"line":91,"type":"binary-expr","locations":[{"start":{"line":91,"column":42},"end":{"line":91,"column":73}},{"start":{"line":91,"column":77},"end":{"line":99,"column":9}}]},"10":{"line":102,"type":"binary-expr","locations":[{"start":{"line":102,"column":18},"end":{"line":102,"column":32}},{"start":{"line":103,"column":12},"end":{"line":103,"column":53}},{"start":{"line":104,"column":12},"end":{"line":104,"column":61}}]},"11":{"line":112,"type":"binary-expr","locations":[{"start":{"line":112,"column":45},"end":{"line":112,"column":79},"skip":true},{"start":{"line":112,"column":83},"end":{"line":121,"column":9},"skip":true}]},"12":{"line":123,"type":"binary-expr","locations":[{"start":{"line":123,"column":42},"end":{"line":123,"column":73},"skip":true},{"start":{"line":123,"column":77},"end":{"line":136,"column":9},"skip":true}]},"13":{"line":138,"type":"binary-expr","locations":[{"start":{"line":138,"column":48},"end":{"line":138,"column":85},"skip":true},{"start":{"line":139,"column":12},"end":{"line":145,"column":13},"skip":true}]},"14":{"line":147,"type":"binary-expr","locations":[{"start":{"line":147,"column":42},"end":{"line":147,"column":73},"skip":true},{"start":{"line":147,"column":77},"end":{"line":156,"column":9},"skip":true}]},"15":{"line":158,"type":"binary-expr","locations":[{"start":{"line":158,"column":45},"end":{"line":158,"column":79},"skip":true},{"start":{"line":158,"column":83},"end":{"line":167,"column":9},"skip":true}]},"16":{"line":169,"type":"binary-expr","locations":[{"start":{"line":169,"column":43},"end":{"line":169,"column":75},"skip":true},{"start":{"line":169,"column":79},"end":{"line":178,"column":9},"skip":true}]},"17":{"line":180,"type":"binary-expr","locations":[{"start":{"line":180,"column":41},"end":{"line":180,"column":71},"skip":true},{"start":{"line":180,"column":75},"end":{"line":189,"column":9},"skip":true}]}},"code":["/* istanbul instrument in package npmtest_osmtogeojson */","/*jslint","    bitwise: true,","    browser: true,","    maxerr: 8,","    maxlen: 96,","    node: true,","    nomen: true,","    regexp: true,","    stupid: true","*/","(function () {","    'use strict';","    var local;","","","","    // run shared js-env code - pre-init","    (function () {","        // init local","        local = {};","        // init modeJs","        local.modeJs = (function () {","            try {","                return typeof navigator.userAgent === 'string' &&","                    typeof document.querySelector('body') === 'object' &&","                    typeof XMLHttpRequest.prototype.open === 'function' &&","                    'browser';","            } catch (errorCaughtBrowser) {","                return module.exports &&","                    typeof process.versions.node === 'string' &&","                    typeof require('http').createServer === 'function' &&","                    'node';","            }","        }());","        // init global","        local.global = local.modeJs === 'browser'","            ? window","            : global;","        switch (local.modeJs) {","        // re-init local from window.local","        case 'browser':","            local = local.global.utility2.objectSetDefault(","                local.global.utility2_rollup || local.global.local,","                local.global.utility2","            );","            break;","        // re-init local from example.js","        case 'node':","            local = (local.global.utility2_rollup || require('utility2'))","                .requireReadme();","            break;","        }","        // export local","        local.global.local = local;","    }());","","","","    // run shared js-env code - function","    (function () {","        return;","    }());","    switch (local.modeJs) {","","","","    // run browser js-env code - function","    case 'browser':","        break;","","","","    // run node js-env code - function","    case 'node':","        break;","    }","","","","    // run shared js-env code - post-init","    (function () {","        return;","    }());","    switch (local.modeJs) {","","","","    // run browser js-env code - post-init","    case 'browser':","        local.testCase_browser_nullCase = local.testCase_browser_nullCase || function (","            options,","            onError","        ) {","        /*","         * this function will test browsers's null-case handling-behavior-behavior","         */","            onError(null, options);","        };","","        // run tests","        local.nop(local.modeTest &&","            document.querySelector('#testRunButton1') &&","            document.querySelector('#testRunButton1').click());","        break;","","","","    // run node js-env code - post-init","    /* istanbul ignore next */","    case 'node':","        local.testCase_buildApidoc_default = local.testCase_buildApidoc_default || function (","            options,","            onError","        ) {","        /*","         * this function will test buildApidoc's default handling-behavior-behavior","         */","            options = { modulePathList: module.paths };","            local.buildApidoc(options, onError);","        };","","        local.testCase_buildApp_default = local.testCase_buildApp_default || function (","            options,","            onError","        ) {","        /*","         * this function will test buildApp's default handling-behavior-behavior","         */","            local.testCase_buildReadme_default(options, local.onErrorThrow);","            local.testCase_buildLib_default(options, local.onErrorThrow);","            local.testCase_buildTest_default(options, local.onErrorThrow);","            local.testCase_buildCustomOrg_default(options, local.onErrorThrow);","            options = [];","            local.buildApp(options, onError);","        };","","        local.testCase_buildCustomOrg_default = local.testCase_buildCustomOrg_default ||","            function (options, onError) {","            /*","             * this function will test buildCustomOrg's default handling-behavior","             */","                options = {};","                local.buildCustomOrg(options, onError);","            };","","        local.testCase_buildLib_default = local.testCase_buildLib_default || function (","            options,","            onError","        ) {","        /*","         * this function will test buildLib's default handling-behavior","         */","            options = {};","            local.buildLib(options, onError);","        };","","        local.testCase_buildReadme_default = local.testCase_buildReadme_default || function (","            options,","            onError","        ) {","        /*","         * this function will test buildReadme's default handling-behavior-behavior","         */","            options = {};","            local.buildReadme(options, onError);","        };","","        local.testCase_buildTest_default = local.testCase_buildTest_default || function (","            options,","            onError","        ) {","        /*","         * this function will test buildTest's default handling-behavior","         */","            options = {};","            local.buildTest(options, onError);","        };","","        local.testCase_webpage_default = local.testCase_webpage_default || function (","            options,","            onError","        ) {","        /*","         * this function will test webpage's default handling-behavior","         */","            options = { modeCoverageMerge: true, url: local.serverLocalHost + '?modeTest=1' };","            local.browserTest(options, onError);","        };","","        // run test-server","        local.testRunServer(local);","        break;","    }","}());",""],"l":{"12":2,"14":2,"19":2,"21":2,"23":2,"24":2,"25":2,"30":1,"37":2,"40":2,"43":1,"47":1,"50":1,"52":1,"55":2,"61":2,"62":2,"64":2,"70":1,"76":1,"82":2,"83":2,"85":2,"91":1,"98":1,"102":1,"105":1,"112":1,"119":1,"120":1,"123":1,"130":1,"131":1,"132":1,"133":1,"134":1,"135":1,"138":1,"143":2,"144":2,"147":1,"154":2,"155":2,"158":1,"165":2,"166":2,"169":1,"176":2,"177":2,"180":1,"187":1,"188":1,"192":1,"193":1}},"/home/travis/build/npmtest/node-npmtest-osmtogeojson/lib.npmtest_osmtogeojson.js":{"path":"/home/travis/build/npmtest/node-npmtest-osmtogeojson/lib.npmtest_osmtogeojson.js","s":{"1":2,"2":2,"3":2,"4":2,"5":2,"6":2,"7":2,"8":1,"9":2,"10":2,"11":2,"12":2,"13":1,"14":1,"15":1,"16":1},"b":{"1":[2,1,1,1],"2":[1,1,1,1],"3":[1,1],"4":[2,2],"5":[1,1]},"f":{"1":2,"2":2,"3":2},"fnMap":{"1":{"name":"(anonymous_1)","line":12,"loc":{"start":{"line":12,"column":1},"end":{"line":12,"column":13}}},"2":{"name":"(anonymous_2)","line":19,"loc":{"start":{"line":19,"column":5},"end":{"line":19,"column":17}}},"3":{"name":"(anonymous_3)","line":23,"loc":{"start":{"line":23,"column":24},"end":{"line":23,"column":36}}}},"statementMap":{"1":{"start":{"line":12,"column":0},"end":{"line":53,"column":5}},"2":{"start":{"line":14,"column":4},"end":{"line":14,"column":14}},"3":{"start":{"line":19,"column":4},"end":{"line":52,"column":9}},"4":{"start":{"line":21,"column":8},"end":{"line":21,"column":19}},"5":{"start":{"line":23,"column":8},"end":{"line":35,"column":13}},"6":{"start":{"line":24,"column":12},"end":{"line":34,"column":13}},"7":{"start":{"line":25,"column":16},"end":{"line":28,"column":30}},"8":{"start":{"line":30,"column":16},"end":{"line":33,"column":27}},"9":{"start":{"line":37,"column":8},"end":{"line":39,"column":21}},"10":{"start":{"line":41,"column":8},"end":{"line":41,"column":54}},"11":{"start":{"line":43,"column":8},"end":{"line":43,"column":57}},"12":{"start":{"line":45,"column":8},"end":{"line":51,"column":9}},"13":{"start":{"line":46,"column":12},"end":{"line":46,"column":63}},"14":{"start":{"line":48,"column":12},"end":{"line":48,"column":35}},"15":{"start":{"line":49,"column":12},"end":{"line":49,"column":49}},"16":{"start":{"line":50,"column":12},"end":{"line":50,"column":43}}},"branchMap":{"1":{"line":25,"type":"binary-expr","locations":[{"start":{"line":25,"column":23},"end":{"line":25,"column":62}},{"start":{"line":26,"column":20},"end":{"line":26,"column":70}},{"start":{"line":27,"column":20},"end":{"line":27,"column":71}},{"start":{"line":28,"column":20},"end":{"line":28,"column":29}}]},"2":{"line":30,"type":"binary-expr","locations":[{"start":{"line":30,"column":23},"end":{"line":30,"column":37}},{"start":{"line":31,"column":20},"end":{"line":31,"column":61}},{"start":{"line":32,"column":20},"end":{"line":32,"column":70}},{"start":{"line":33,"column":20},"end":{"line":33,"column":26}}]},"3":{"line":37,"type":"cond-expr","locations":[{"start":{"line":38,"column":14},"end":{"line":38,"column":20}},{"start":{"line":39,"column":14},"end":{"line":39,"column":20}}]},"4":{"line":41,"type":"binary-expr","locations":[{"start":{"line":41,"column":16},"end":{"line":41,"column":44}},{"start":{"line":41,"column":48},"end":{"line":41,"column":53}}]},"5":{"line":45,"type":"if","locations":[{"start":{"line":45,"column":8},"end":{"line":45,"column":8}},{"start":{"line":45,"column":8},"end":{"line":45,"column":8}}]}},"code":["/* istanbul instrument in package npmtest_osmtogeojson */","/*jslint","    bitwise: true,","    browser: true,","    maxerr: 8,","    maxlen: 96,","    node: true,","    nomen: true,","    regexp: true,","    stupid: true","*/","(function () {","    'use strict';","    var local;","","","","    // run shared js-env code - pre-init","    (function () {","        // init local","        local = {};","        // init modeJs","        local.modeJs = (function () {","            try {","                return typeof navigator.userAgent === 'string' &&","                    typeof document.querySelector('body') === 'object' &&","                    typeof XMLHttpRequest.prototype.open === 'function' &&","                    'browser';","            } catch (errorCaughtBrowser) {","                return module.exports &&","                    typeof process.versions.node === 'string' &&","                    typeof require('http').createServer === 'function' &&","                    'node';","            }","        }());","        // init global","        local.global = local.modeJs === 'browser'","            ? window","            : global;","        // init utility2_rollup","        local = local.global.utility2_rollup || local;","        // init lib","        local.local = local.npmtest_osmtogeojson = local;","        // init exports","        if (local.modeJs === 'browser') {","            local.global.utility2_npmtest_osmtogeojson = local;","        } else {","            module.exports = local;","            module.exports.__dirname = __dirname;","            module.exports.module = module;","        }","    }());","}());",""],"l":{"12":2,"14":2,"19":2,"21":2,"23":2,"24":2,"25":2,"30":1,"37":2,"41":2,"43":2,"45":2,"46":1,"48":1,"49":1,"50":1}},"/home/travis/build/npmtest/node-npmtest-osmtogeojson/example.js":{"path":"/home/travis/build/npmtest/node-npmtest-osmtogeojson/example.js","s":{"1":2,"2":2,"3":2,"4":2,"5":2,"6":2,"7":2,"8":1,"9":2,"10":2,"11":2,"12":2,"13":1,"14":2,"15":2,"16":2,"17":2,"18":2,"19":0,"20":2,"21":1,"22":1,"23":1,"24":1,"25":1,"26":0,"27":0,"28":1,"29":1,"30":2,"31":0,"32":0,"33":0,"34":1,"35":2,"36":2,"37":3,"38":3,"39":3,"40":3,"41":0,"42":3,"43":3,"44":3,"45":1,"46":3,"47":1,"48":1,"49":1,"50":1,"51":1,"52":1,"53":1,"54":1,"55":1,"56":1,"57":0,"58":1,"59":6,"60":6,"61":1,"62":2,"63":0,"64":2,"65":1,"66":1,"67":0,"68":0,"69":0,"70":0,"71":0,"72":0,"73":0,"74":0,"75":0,"76":0,"77":0,"78":0,"79":0,"80":0,"81":0,"82":0,"83":0},"b":{"1":[2,1,1,1],"2":[1,1,1,1],"3":[1,1],"4":[2,2],"5":[1,1],"6":[1,1],"7":[2,0],"8":[2,1,1,1,1,1],"9":[0,2,0],"10":[1,1],"11":[2,1,1],"12":[1,0],"13":[0,2],"14":[2,0,0,0,0,0,0],"15":[0,3],"16":[3,0],"17":[1,1],"18":[0,1],"19":[1,2,0,2],"20":[1,0],"21":[1,1],"22":[0,0],"23":[0,0],"24":[0,0],"25":[0,0],"26":[0,0],"27":[0,0],"28":[0,0]},"f":{"1":2,"2":2,"3":2,"4":2,"5":2,"6":2,"7":3,"8":3,"9":3,"10":1,"11":6,"12":0},"fnMap":{"1":{"name":"(anonymous_1)","line":26,"loc":{"start":{"line":26,"column":1},"end":{"line":26,"column":13}}},"2":{"name":"(anonymous_2)","line":33,"loc":{"start":{"line":33,"column":5},"end":{"line":33,"column":17}}},"3":{"name":"(anonymous_3)","line":37,"loc":{"start":{"line":37,"column":24},"end":{"line":37,"column":36}}},"4":{"name":"(anonymous_4)","line":69,"loc":{"start":{"line":69,"column":31},"end":{"line":69,"column":48}},"skip":true},"5":{"name":"(anonymous_5)","line":78,"loc":{"start":{"line":78,"column":26},"end":{"line":78,"column":45}},"skip":true},"6":{"name":"(anonymous_6)","line":123,"loc":{"start":{"line":123,"column":33},"end":{"line":123,"column":48}},"skip":true},"7":{"name":"(anonymous_7)","line":125,"loc":{"start":{"line":125,"column":27},"end":{"line":125,"column":39}},"skip":true},"8":{"name":"(anonymous_8)","line":133,"loc":{"start":{"line":133,"column":59},"end":{"line":133,"column":74}},"skip":true},"9":{"name":"(anonymous_9)","line":143,"loc":{"start":{"line":143,"column":45},"end":{"line":143,"column":62}},"skip":true},"10":{"name":"(anonymous_10)","line":144,"loc":{"start":{"line":144,"column":73},"end":{"line":144,"column":92}},"skip":true},"11":{"name":"(anonymous_11)","line":272,"loc":{"start":{"line":272,"column":51},"end":{"line":272,"column":77}},"skip":true},"12":{"name":"(anonymous_12)","line":315,"loc":{"start":{"line":315,"column":32},"end":{"line":315,"column":61}},"skip":true}},"statementMap":{"1":{"start":{"line":26,"column":0},"end":{"line":326,"column":5}},"2":{"start":{"line":28,"column":4},"end":{"line":28,"column":14}},"3":{"start":{"line":33,"column":4},"end":{"line":60,"column":9}},"4":{"start":{"line":35,"column":8},"end":{"line":35,"column":19}},"5":{"start":{"line":37,"column":8},"end":{"line":49,"column":13}},"6":{"start":{"line":38,"column":12},"end":{"line":48,"column":13}},"7":{"start":{"line":39,"column":16},"end":{"line":42,"column":30}},"8":{"start":{"line":44,"column":16},"end":{"line":47,"column":27}},"9":{"start":{"line":51,"column":8},"end":{"line":53,"column":21}},"10":{"start":{"line":55,"column":8},"end":{"line":57,"column":45}},"11":{"start":{"line":59,"column":8},"end":{"line":59,"column":35}},"12":{"start":{"line":61,"column":4},"end":{"line":325,"column":5}},"13":{"start":{"line":69,"column":8},"end":{"line":121,"column":10},"skip":true},"14":{"start":{"line":70,"column":12},"end":{"line":88,"column":13},"skip":true},"15":{"start":{"line":76,"column":16},"end":{"line":87,"column":19},"skip":true},"16":{"start":{"line":79,"column":20},"end":{"line":86,"column":21},"skip":true},"17":{"start":{"line":82,"column":24},"end":{"line":82,"column":43},"skip":true},"18":{"start":{"line":83,"column":24},"end":{"line":83,"column":30},"skip":true},"19":{"start":{"line":85,"column":24},"end":{"line":85,"column":49},"skip":true},"20":{"start":{"line":89,"column":12},"end":{"line":107,"column":13},"skip":true},"21":{"start":{"line":92,"column":16},"end":{"line":102,"column":17},"skip":true},"22":{"start":{"line":93,"column":20},"end":{"line":93,"column":86},"skip":true},"23":{"start":{"line":94,"column":20},"end":{"line":95,"column":45},"skip":true},"24":{"start":{"line":96,"column":20},"end":{"line":96,"column":42},"skip":true},"25":{"start":{"line":97,"column":20},"end":{"line":97,"column":48},"skip":true},"26":{"start":{"line":100,"column":20},"end":{"line":100,"column":85},"skip":true},"27":{"start":{"line":101,"column":20},"end":{"line":101,"column":96},"skip":true},"28":{"start":{"line":103,"column":16},"end":{"line":103,"column":22},"skip":true},"29":{"start":{"line":106,"column":16},"end":{"line":106,"column":22},"skip":true},"30":{"start":{"line":108,"column":12},"end":{"line":120,"column":13},"skip":true},"31":{"start":{"line":114,"column":16},"end":{"line":119,"column":17},"skip":true},"32":{"start":{"line":116,"column":20},"end":{"line":116,"column":78},"skip":true},"33":{"start":{"line":118,"column":20},"end":{"line":118,"column":47},"skip":true},"34":{"start":{"line":123,"column":8},"end":{"line":141,"column":11},"skip":true},"35":{"start":{"line":124,"column":12},"end":{"line":124,"column":54},"skip":true},"36":{"start":{"line":125,"column":12},"end":{"line":140,"column":14},"skip":true},"37":{"start":{"line":126,"column":16},"end":{"line":126,"column":28},"skip":true},"38":{"start":{"line":127,"column":16},"end":{"line":127,"column":69},"skip":true},"39":{"start":{"line":128,"column":16},"end":{"line":128,"column":75},"skip":true},"40":{"start":{"line":129,"column":16},"end":{"line":131,"column":17},"skip":true},"41":{"start":{"line":130,"column":20},"end":{"line":130,"column":27},"skip":true},"42":{"start":{"line":133,"column":16},"end":{"line":137,"column":36},"skip":true},"43":{"start":{"line":134,"column":20},"end":{"line":136,"column":55},"skip":true},"44":{"start":{"line":139,"column":16},"end":{"line":139,"column":57},"skip":true},"45":{"start":{"line":143,"column":8},"end":{"line":147,"column":11},"skip":true},"46":{"start":{"line":144,"column":12},"end":{"line":146,"column":15},"skip":true},"47":{"start":{"line":145,"column":16},"end":{"line":145,"column":70},"skip":true},"48":{"start":{"line":149,"column":8},"end":{"line":149,"column":31},"skip":true},"49":{"start":{"line":150,"column":8},"end":{"line":150,"column":14},"skip":true},"50":{"start":{"line":158,"column":8},"end":{"line":158,"column":31},"skip":true},"51":{"start":{"line":160,"column":8},"end":{"line":160,"column":33},"skip":true},"52":{"start":{"line":161,"column":8},"end":{"line":161,"column":37},"skip":true},"53":{"start":{"line":162,"column":8},"end":{"line":162,"column":35},"skip":true},"54":{"start":{"line":164,"column":8},"end":{"line":164,"column":50},"skip":true},"55":{"start":{"line":166,"column":8},"end":{"line":256,"column":2},"skip":true},"56":{"start":{"line":258,"column":8},"end":{"line":286,"column":9},"skip":true},"57":{"start":{"line":259,"column":12},"end":{"line":269,"column":14},"skip":true},"58":{"start":{"line":271,"column":12},"end":{"line":285,"column":19},"skip":true},"59":{"start":{"line":274,"column":20},"end":{"line":274,"column":35},"skip":true},"60":{"start":{"line":275,"column":20},"end":{"line":284,"column":21},"skip":true},"61":{"start":{"line":277,"column":24},"end":{"line":277,"column":64},"skip":true},"62":{"start":{"line":279,"column":24},"end":{"line":279,"column":40},"skip":true},"63":{"start":{"line":281,"column":24},"end":{"line":281,"column":40},"skip":true},"64":{"start":{"line":283,"column":24},"end":{"line":283,"column":39},"skip":true},"65":{"start":{"line":288,"column":8},"end":{"line":290,"column":9},"skip":true},"66":{"start":{"line":289,"column":12},"end":{"line":289,"column":18},"skip":true},"67":{"start":{"line":291,"column":8},"end":{"line":293,"column":54},"skip":true},"68":{"start":{"line":296,"column":8},"end":{"line":301,"column":37},"skip":true},"69":{"start":{"line":303,"column":8},"end":{"line":303,"column":82},"skip":true},"70":{"start":{"line":306,"column":8},"end":{"line":308,"column":9},"skip":true},"71":{"start":{"line":307,"column":12},"end":{"line":307,"column":82},"skip":true},"72":{"start":{"line":310,"column":8},"end":{"line":312,"column":9},"skip":true},"73":{"start":{"line":311,"column":12},"end":{"line":311,"column":18},"skip":true},"74":{"start":{"line":313,"column":8},"end":{"line":313,"column":54},"skip":true},"75":{"start":{"line":314,"column":8},"end":{"line":314,"column":69},"skip":true},"76":{"start":{"line":315,"column":8},"end":{"line":323,"column":36},"skip":true},"77":{"start":{"line":316,"column":12},"end":{"line":316,"column":61},"skip":true},"78":{"start":{"line":317,"column":12},"end":{"line":320,"column":13},"skip":true},"79":{"start":{"line":318,"column":16},"end":{"line":318,"column":75},"skip":true},"80":{"start":{"line":319,"column":16},"end":{"line":319,"column":23},"skip":true},"81":{"start":{"line":321,"column":12},"end":{"line":321,"column":38},"skip":true},"82":{"start":{"line":322,"column":12},"end":{"line":322,"column":27},"skip":true},"83":{"start":{"line":324,"column":8},"end":{"line":324,"column":14},"skip":true}},"branchMap":{"1":{"line":39,"type":"binary-expr","locations":[{"start":{"line":39,"column":23},"end":{"line":39,"column":62}},{"start":{"line":40,"column":20},"end":{"line":40,"column":70}},{"start":{"line":41,"column":20},"end":{"line":41,"column":71}},{"start":{"line":42,"column":20},"end":{"line":42,"column":29}}]},"2":{"line":44,"type":"binary-expr","locations":[{"start":{"line":44,"column":23},"end":{"line":44,"column":37}},{"start":{"line":45,"column":20},"end":{"line":45,"column":61}},{"start":{"line":46,"column":20},"end":{"line":46,"column":70}},{"start":{"line":47,"column":20},"end":{"line":47,"column":26}}]},"3":{"line":51,"type":"cond-expr","locations":[{"start":{"line":52,"column":14},"end":{"line":52,"column":20}},{"start":{"line":53,"column":14},"end":{"line":53,"column":20}}]},"4":{"line":55,"type":"binary-expr","locations":[{"start":{"line":55,"column":16},"end":{"line":55,"column":44}},{"start":{"line":55,"column":49},"end":{"line":57,"column":43}}]},"5":{"line":55,"type":"cond-expr","locations":[{"start":{"line":56,"column":14},"end":{"line":56,"column":56}},{"start":{"line":57,"column":14},"end":{"line":57,"column":43}}]},"6":{"line":61,"type":"switch","locations":[{"start":{"line":68,"column":4},"end":{"line":150,"column":14},"skip":true},{"start":{"line":156,"column":4},"end":{"line":324,"column":14},"skip":true}]},"7":{"line":70,"type":"if","locations":[{"start":{"line":70,"column":12},"end":{"line":70,"column":12},"skip":true},{"start":{"line":70,"column":12},"end":{"line":70,"column":12},"skip":true}]},"8":{"line":70,"type":"binary-expr","locations":[{"start":{"line":70,"column":16},"end":{"line":70,"column":22},"skip":true},{"start":{"line":70,"column":27},"end":{"line":70,"column":32},"skip":true},{"start":{"line":71,"column":20},"end":{"line":71,"column":39},"skip":true},{"start":{"line":72,"column":20},"end":{"line":72,"column":49},"skip":true},{"start":{"line":73,"column":20},"end":{"line":73,"column":58},"skip":true},{"start":{"line":74,"column":20},"end":{"line":74,"column":69},"skip":true}]},"9":{"line":79,"type":"switch","locations":[{"start":{"line":80,"column":20},"end":{"line":80,"column":33},"skip":true},{"start":{"line":81,"column":20},"end":{"line":83,"column":30},"skip":true},{"start":{"line":84,"column":20},"end":{"line":85,"column":49},"skip":true}]},"10":{"line":89,"type":"switch","locations":[{"start":{"line":90,"column":12},"end":{"line":103,"column":22},"skip":true},{"start":{"line":105,"column":12},"end":{"line":106,"column":22},"skip":true}]},"11":{"line":89,"type":"binary-expr","locations":[{"start":{"line":89,"column":20},"end":{"line":89,"column":25},"skip":true},{"start":{"line":89,"column":29},"end":{"line":89,"column":48},"skip":true},{"start":{"line":89,"column":52},"end":{"line":89,"column":74},"skip":true}]},"12":{"line":92,"type":"if","locations":[{"start":{"line":92,"column":16},"end":{"line":92,"column":16},"skip":true},{"start":{"line":92,"column":16},"end":{"line":92,"column":16},"skip":true}]},"13":{"line":108,"type":"if","locations":[{"start":{"line":108,"column":12},"end":{"line":108,"column":12},"skip":true},{"start":{"line":108,"column":12},"end":{"line":108,"column":12},"skip":true}]},"14":{"line":108,"type":"binary-expr","locations":[{"start":{"line":108,"column":16},"end":{"line":108,"column":61},"skip":true},{"start":{"line":108,"column":66},"end":{"line":108,"column":72},"skip":true},{"start":{"line":108,"column":77},"end":{"line":108,"column":82},"skip":true},{"start":{"line":109,"column":20},"end":{"line":109,"column":39},"skip":true},{"start":{"line":110,"column":20},"end":{"line":110,"column":49},"skip":true},{"start":{"line":111,"column":20},"end":{"line":111,"column":58},"skip":true},{"start":{"line":112,"column":20},"end":{"line":112,"column":68},"skip":true}]},"15":{"line":129,"type":"if","locations":[{"start":{"line":129,"column":16},"end":{"line":129,"column":16},"skip":true},{"start":{"line":129,"column":16},"end":{"line":129,"column":16},"skip":true}]},"16":{"line":134,"type":"cond-expr","locations":[{"start":{"line":135,"column":26},"end":{"line":135,"column":29},"skip":true},{"start":{"line":136,"column":26},"end":{"line":136,"column":54},"skip":true}]},"17":{"line":164,"type":"binary-expr","locations":[{"start":{"line":164,"column":27},"end":{"line":164,"column":43},"skip":true},{"start":{"line":164,"column":47},"end":{"line":164,"column":49},"skip":true}]},"18":{"line":258,"type":"if","locations":[{"start":{"line":258,"column":8},"end":{"line":258,"column":8},"skip":true},{"start":{"line":258,"column":8},"end":{"line":258,"column":8},"skip":true}]},"19":{"line":275,"type":"switch","locations":[{"start":{"line":276,"column":20},"end":{"line":277,"column":64},"skip":true},{"start":{"line":278,"column":20},"end":{"line":279,"column":40},"skip":true},{"start":{"line":280,"column":20},"end":{"line":281,"column":40},"skip":true},{"start":{"line":282,"column":20},"end":{"line":283,"column":39},"skip":true}]},"20":{"line":288,"type":"if","locations":[{"start":{"line":288,"column":8},"end":{"line":288,"column":8},"skip":true},{"start":{"line":288,"column":8},"end":{"line":288,"column":8},"skip":true}]},"21":{"line":288,"type":"binary-expr","locations":[{"start":{"line":288,"column":12},"end":{"line":288,"column":40},"skip":true},{"start":{"line":288,"column":44},"end":{"line":288,"column":67},"skip":true}]},"22":{"line":292,"type":"binary-expr","locations":[{"start":{"line":292,"column":12},"end":{"line":292,"column":50},"skip":true},{"start":{"line":293,"column":12},"end":{"line":293,"column":53},"skip":true}]},"23":{"line":297,"type":"binary-expr","locations":[{"start":{"line":297,"column":12},"end":{"line":297,"column":70},"skip":true},{"start":{"line":298,"column":12},"end":{"line":301,"column":36},"skip":true}]},"24":{"line":303,"type":"binary-expr","locations":[{"start":{"line":303,"column":43},"end":{"line":303,"column":75},"skip":true},{"start":{"line":303,"column":79},"end":{"line":303,"column":81},"skip":true}]},"25":{"line":306,"type":"if","locations":[{"start":{"line":306,"column":8},"end":{"line":306,"column":8},"skip":true},{"start":{"line":306,"column":8},"end":{"line":306,"column":8},"skip":true}]},"26":{"line":310,"type":"if","locations":[{"start":{"line":310,"column":8},"end":{"line":310,"column":8},"skip":true},{"start":{"line":310,"column":8},"end":{"line":310,"column":8},"skip":true}]},"27":{"line":313,"type":"binary-expr","locations":[{"start":{"line":313,"column":27},"end":{"line":313,"column":43},"skip":true},{"start":{"line":313,"column":47},"end":{"line":313,"column":53},"skip":true}]},"28":{"line":317,"type":"if","locations":[{"start":{"line":317,"column":12},"end":{"line":317,"column":12},"skip":true},{"start":{"line":317,"column":12},"end":{"line":317,"column":12},"skip":true}]}},"code":["/*","example.js","","quickstart example","","instruction","    1. save this script as example.js","    2. run the shell command:","        $ npm install npmtest-osmtogeojson && PORT=8081 node example.js","    3. play with the browser-demo on http://127.0.0.1:8081","*/","","","","/* istanbul instrument in package npmtest_osmtogeojson */","/*jslint","    bitwise: true,","    browser: true,","    maxerr: 8,","    maxlen: 96,","    node: true,","    nomen: true,","    regexp: true,","    stupid: true","*/","(function () {","    'use strict';","    var local;","","","","    // run shared js-env code - pre-init","    (function () {","        // init local","        local = {};","        // init modeJs","        local.modeJs = (function () {","            try {","                return typeof navigator.userAgent === 'string' &&","                    typeof document.querySelector('body') === 'object' &&","                    typeof XMLHttpRequest.prototype.open === 'function' &&","                    'browser';","            } catch (errorCaughtBrowser) {","                return module.exports &&","                    typeof process.versions.node === 'string' &&","                    typeof require('http').createServer === 'function' &&","                    'node';","            }","        }());","        // init global","        local.global = local.modeJs === 'browser'","            ? window","            : global;","        // init utility2_rollup","        local = local.global.utility2_rollup || (local.modeJs === 'browser'","            ? local.global.utility2_npmtest_osmtogeojson","            : global.utility2_moduleExports);","        // export local","        local.global.local = local;","    }());","    switch (local.modeJs) {","","","","    // post-init","    // run browser js-env code - post-init","    /* istanbul ignore next */","    case 'browser':","        local.testRunBrowser = function (event) {","            if (!event || (event &&","                    event.currentTarget &&","                    event.currentTarget.className &&","                    event.currentTarget.className.includes &&","                    event.currentTarget.className.includes('onreset'))) {","                // reset output","                Array.from(","                    document.querySelectorAll('body > .resettable')","                ).forEach(function (element) {","                    switch (element.tagName) {","                    case 'INPUT':","                    case 'TEXTAREA':","                        element.value = '';","                        break;","                    default:","                        element.textContent = '';","                    }","                });","            }","            switch (event && event.currentTarget && event.currentTarget.id) {","            case 'testRunButton1':","                // show tests","                if (document.querySelector('#testReportDiv1').style.display === 'none') {","                    document.querySelector('#testReportDiv1').style.display = 'block';","                    document.querySelector('#testRunButton1').textContent =","                        'hide internal test';","                    local.modeTest = true;","                    local.testRunDefault(local);","                // hide tests","                } else {","                    document.querySelector('#testReportDiv1').style.display = 'none';","                    document.querySelector('#testRunButton1').textContent = 'run internal test';","                }","                break;","            // custom-case","            default:","                break;","            }","            if (document.querySelector('#inputTextareaEval1') && (!event || (event &&","                    event.currentTarget &&","                    event.currentTarget.className &&","                    event.currentTarget.className.includes &&","                    event.currentTarget.className.includes('oneval')))) {","                // try to eval input-code","                try {","                    /*jslint evil: true*/","                    eval(document.querySelector('#inputTextareaEval1').value);","                } catch (errorCaught) {","                    console.error(errorCaught);","                }","            }","        };","        // log stderr and stdout to #outputTextareaStdout1","        ['error', 'log'].forEach(function (key) {","            console[key + '_original'] = console[key];","            console[key] = function () {","                var element;","                console[key + '_original'].apply(console, arguments);","                element = document.querySelector('#outputTextareaStdout1');","                if (!element) {","                    return;","                }","                // append text to #outputTextareaStdout1","                element.value += Array.from(arguments).map(function (arg) {","                    return typeof arg === 'string'","                        ? arg","                        : JSON.stringify(arg, null, 4);","                }).join(' ') + '\\n';","                // scroll textarea to bottom","                element.scrollTop = element.scrollHeight;","            };","        });","        // init event-handling","        ['change', 'click', 'keyup'].forEach(function (event) {","            Array.from(document.querySelectorAll('.on' + event)).forEach(function (element) {","                element.addEventListener(event, local.testRunBrowser);","            });","        });","        // run tests","        local.testRunBrowser();","        break;","","","","    // run node js-env code - post-init","    /* istanbul ignore next */","    case 'node':","        // export local","        module.exports = local;","        // require modules","        local.fs = require('fs');","        local.http = require('http');","        local.url = require('url');","        // init assets","        local.assetsDict = local.assetsDict || {};","        /* jslint-ignore-begin */","        local.assetsDict['/assets.index.template.html'] = '\\","<!doctype html>\\n\\","<html lang=\"en\">\\n\\","<head>\\n\\","<meta charset=\"UTF-8\">\\n\\","<meta name=\"viewport\" content=\"width=device-width, initial-scale=1\">\\n\\","<title>{{env.npm_package_name}} (v{{env.npm_package_version}})</title>\\n\\","<style>\\n\\","/*csslint\\n\\","    box-sizing: false,\\n\\","    universal-selector: false\\n\\","*/\\n\\","* {\\n\\","    box-sizing: border-box;\\n\\","}\\n\\","body {\\n\\","    background: #dde;\\n\\","    font-family: Arial, Helvetica, sans-serif;\\n\\","    margin: 2rem;\\n\\","}\\n\\","body > * {\\n\\","    margin-bottom: 1rem;\\n\\","}\\n\\",".utility2FooterDiv {\\n\\","    margin-top: 20px;\\n\\","    text-align: center;\\n\\","}\\n\\","</style>\\n\\","<style>\\n\\","/*csslint\\n\\","*/\\n\\","textarea {\\n\\","    font-family: monospace;\\n\\","    height: 10rem;\\n\\","    width: 100%;\\n\\","}\\n\\","textarea[readonly] {\\n\\","    background: #ddd;\\n\\","}\\n\\","</style>\\n\\","</head>\\n\\","<body>\\n\\","<!-- utility2-comment\\n\\","<div id=\"ajaxProgressDiv1\" style=\"background: #d00; height: 2px; left: 0; margin: 0; padding: 0; position: fixed; top: 0; transition: background 0.5s, width 1.5s; width: 25%;\"></div>\\n\\","utility2-comment -->\\n\\","<h1>\\n\\","<!-- utility2-comment\\n\\","    <a\\n\\","        {{#if env.npm_package_homepage}}\\n\\","        href=\"{{env.npm_package_homepage}}\"\\n\\","        {{/if env.npm_package_homepage}}\\n\\","        target=\"_blank\"\\n\\","    >\\n\\","utility2-comment -->\\n\\","        {{env.npm_package_name}} (v{{env.npm_package_version}})\\n\\","<!-- utility2-comment\\n\\","    </a>\\n\\","utility2-comment -->\\n\\","</h1>\\n\\","<h3>{{env.npm_package_description}}</h3>\\n\\","<!-- utility2-comment\\n\\","<h4><a download href=\"assets.app.js\">download standalone app</a></h4>\\n\\","<button class=\"onclick onreset\" id=\"testRunButton1\">run internal test</button><br>\\n\\","<div id=\"testReportDiv1\" style=\"display: none;\"></div>\\n\\","utility2-comment -->\\n\\","\\n\\","\\n\\","\\n\\","<label>stderr and stdout</label>\\n\\","<textarea class=\"resettable\" id=\"outputTextareaStdout1\" readonly></textarea>\\n\\","<!-- utility2-comment\\n\\","{{#if isRollup}}\\n\\","<script src=\"assets.app.js\"></script>\\n\\","{{#unless isRollup}}\\n\\","utility2-comment -->\\n\\","<script src=\"assets.utility2.rollup.js\"></script>\\n\\","<script src=\"jsonp.utility2._stateInit?callback=window.utility2._stateInit\"></script>\\n\\","<script src=\"assets.npmtest_osmtogeojson.rollup.js\"></script>\\n\\","<script src=\"assets.example.js\"></script>\\n\\","<script src=\"assets.test.js\"></script>\\n\\","<!-- utility2-comment\\n\\","{{/if isRollup}}\\n\\","utility2-comment -->\\n\\","<div class=\"utility2FooterDiv\">\\n\\","    [ this app was created with\\n\\","    <a href=\"https://github.com/kaizhu256/node-utility2\" target=\"_blank\">utility2</a>\\n\\","    ]\\n\\","</div>\\n\\","</body>\\n\\","</html>\\n\\","';","        /* jslint-ignore-end */","        if (local.templateRender) {","            local.assetsDict['/'] = local.templateRender(","                local.assetsDict['/assets.index.template.html'],","                {","                    env: local.objectSetDefault(local.env, {","                        npm_package_description: 'the greatest app in the world!',","                        npm_package_name: 'my-app',","                        npm_package_nameAlias: 'my_app',","                        npm_package_version: '0.0.1'","                    })","                }","            );","        } else {","            local.assetsDict['/'] = local.assetsDict['/assets.index.template.html']","                .replace((/\\{\\{env\\.(\\w+?)\\}\\}/g), function (match0, match1) {","                    // jslint-hack","                    String(match0);","                    switch (match1) {","                    case 'npm_package_description':","                        return 'the greatest app in the world!';","                    case 'npm_package_name':","                        return 'my-app';","                    case 'npm_package_nameAlias':","                        return 'my_app';","                    case 'npm_package_version':","                        return '0.0.1';","                    }","                });","        }","        // run the cli","        if (local.global.utility2_rollup || module !== require.main) {","            break;","        }","        local.assetsDict['/assets.example.js'] =","            local.assetsDict['/assets.example.js'] ||","            local.fs.readFileSync(__filename, 'utf8');","        // bug-workaround - long $npm_package_buildCustomOrg","        /* jslint-ignore-begin */","        local.assetsDict['/assets.npmtest_osmtogeojson.rollup.js'] =","            local.assetsDict['/assets.npmtest_osmtogeojson.rollup.js'] ||","            local.fs.readFileSync(","                local.npmtest_osmtogeojson.__dirname + '/lib.npmtest_osmtogeojson.js',","                'utf8'","            ).replace((/^#!/), '//');","        /* jslint-ignore-end */","        local.assetsDict['/favicon.ico'] = local.assetsDict['/favicon.ico'] || '';","        // if $npm_config_timeout_exit exists,","        // then exit this process after $npm_config_timeout_exit ms","        if (Number(process.env.npm_config_timeout_exit)) {","            setTimeout(process.exit, Number(process.env.npm_config_timeout_exit));","        }","        // start server","        if (local.global.utility2_serverHttp1) {","            break;","        }","        process.env.PORT = process.env.PORT || '8081';","        console.error('server starting on port ' + process.env.PORT);","        local.http.createServer(function (request, response) {","            request.urlParsed = local.url.parse(request.url);","            if (local.assetsDict[request.urlParsed.pathname] !== undefined) {","                response.end(local.assetsDict[request.urlParsed.pathname]);","                return;","            }","            response.statusCode = 404;","            response.end();","        }).listen(process.env.PORT);","        break;","    }","}());",""],"l":{"26":2,"28":2,"33":2,"35":2,"37":2,"38":2,"39":2,"44":1,"51":2,"55":2,"59":2,"61":2,"69":1,"70":2,"76":2,"79":2,"82":2,"83":2,"85":1,"89":2,"92":1,"93":1,"94":1,"96":1,"97":1,"100":1,"101":1,"103":1,"106":1,"108":2,"114":1,"116":1,"118":1,"123":1,"124":2,"125":2,"126":3,"127":3,"128":3,"129":3,"130":1,"133":3,"134":3,"139":3,"143":1,"144":3,"145":1,"149":1,"150":1,"158":1,"160":1,"161":1,"162":1,"164":1,"166":1,"258":1,"259":1,"271":1,"274":6,"275":6,"277":1,"279":2,"281":1,"283":2,"288":1,"289":1,"291":1,"296":1,"303":1,"306":1,"307":1,"310":1,"311":1,"313":1,"314":1,"315":1,"316":1,"317":1,"318":1,"319":1,"321":1,"322":1,"324":1}},"/home/travis/build/npmtest/node-npmtest-osmtogeojson/node_modules/osmtogeojson/index.js":{"path":"/home/travis/build/npmtest/node-npmtest-osmtogeojson/node_modules/osmtogeojson/index.js","s":{"1":1,"2":1,"3":1,"4":1,"5":27,"6":19,"7":8,"8":8,"9":31,"10":8,"11":8,"12":1,"13":0,"14":0,"15":0,"16":1,"17":1,"18":0,"19":0,"20":0,"21":0,"22":0,"23":0,"24":1,"25":0,"26":0,"27":0,"28":1,"29":0,"30":0,"31":0,"32":0,"33":0,"34":1,"35":0,"36":0,"37":1,"38":0,"39":0,"40":0,"41":0,"42":0,"43":0,"44":0,"45":0,"46":0,"47":0,"48":1,"49":1,"50":0,"51":0,"52":0,"53":0,"54":0,"55":0,"56":0,"57":0,"58":0,"59":0,"60":1,"61":1,"62":0,"63":0,"64":1,"65":0,"66":0,"67":0,"68":0,"69":1,"70":0,"71":0,"72":0,"73":0,"74":0,"75":0,"76":0,"77":0,"78":0,"79":0,"80":0,"81":0,"82":0,"83":0,"84":0,"85":0,"86":0,"87":0,"88":0,"89":0,"90":0,"91":0,"92":0,"93":0,"94":0,"95":0,"96":0,"97":0,"98":0,"99":0,"100":0,"101":0,"102":0,"103":0,"104":0,"105":0,"106":0,"107":0,"108":0,"109":0,"110":0,"111":0,"112":0,"113":0,"114":1,"115":0,"116":0,"117":0,"118":1,"119":0,"120":0,"121":1,"122":0,"123":0,"124":0,"125":0,"126":0,"127":1,"128":0,"129":0,"130":1,"131":0,"132":0,"133":0,"134":0,"135":0,"136":0,"137":0,"138":0,"139":0,"140":0,"141":1,"142":1,"143":0,"144":0,"145":0,"146":0,"147":0,"148":0,"149":0,"150":0,"151":0,"152":0,"153":1,"154":1,"155":0,"156":0,"157":1,"158":0,"159":0,"160":0,"161":0,"162":1,"163":0,"164":0,"165":0,"166":0,"167":0,"168":0,"169":0,"170":0,"171":0,"172":0,"173":0,"174":0,"175":0,"176":0,"177":0,"178":0,"179":0,"180":0,"181":0,"182":0,"183":0,"184":0,"185":0,"186":0,"187":0,"188":0,"189":0,"190":0,"191":0,"192":0,"193":0,"194":0,"195":0,"196":0,"197":0,"198":0,"199":0,"200":0,"201":0,"202":0,"203":0,"204":0,"205":0,"206":0,"207":0,"208":0,"209":0,"210":0,"211":0,"212":0,"213":0,"214":0,"215":0,"216":0,"217":0,"218":0,"219":0,"220":0,"221":0,"222":0,"223":0,"224":0,"225":0,"226":0,"227":0,"228":0,"229":0,"230":0,"231":0,"232":0,"233":0,"234":0,"235":0,"236":0,"237":0,"238":0,"239":0,"240":0,"241":0,"242":0,"243":0,"244":0,"245":0,"246":0,"247":0,"248":0,"249":0,"250":0,"251":0,"252":0,"253":0,"254":0,"255":0,"256":0,"257":0,"258":1,"259":1,"260":0,"261":0,"262":0,"263":0,"264":0,"265":0,"266":0,"267":0,"268":1,"269":0,"270":0,"271":0,"272":0,"273":0,"274":0,"275":0,"276":0,"277":0,"278":0,"279":0,"280":0,"281":0,"282":0,"283":0,"284":0,"285":0,"286":0,"287":0,"288":0,"289":0,"290":0,"291":0,"292":0,"293":0,"294":0,"295":0,"296":0,"297":0,"298":0,"299":0,"300":0,"301":0,"302":0,"303":0,"304":0,"305":0,"306":0,"307":0,"308":0,"309":0,"310":0,"311":0,"312":0,"313":0,"314":0,"315":0,"316":0,"317":0,"318":0,"319":0,"320":0,"321":0,"322":0,"323":0,"324":0,"325":0,"326":0,"327":0,"328":0,"329":0,"330":0,"331":0,"332":0,"333":0,"334":0,"335":0,"336":0,"337":0,"338":0,"339":0,"340":0,"341":0,"342":0,"343":0,"344":0,"345":0,"346":0,"347":0,"348":0,"349":0,"350":0,"351":0,"352":0,"353":0,"354":0,"355":0,"356":0,"357":0,"358":0,"359":0,"360":0,"361":0,"362":0,"363":0,"364":0,"365":1,"366":0,"367":0,"368":0,"369":0,"370":0,"371":0,"372":0,"373":0,"374":0,"375":0,"376":0,"377":0,"378":0,"379":0,"380":0,"381":0,"382":0,"383":0,"384":0,"385":0,"386":0,"387":0,"388":0,"389":0,"390":0,"391":0,"392":0,"393":0,"394":0,"395":0,"396":0,"397":0,"398":0,"399":0,"400":0,"401":0,"402":0,"403":0,"404":0,"405":0,"406":0,"407":0,"408":0,"409":0,"410":0,"411":0,"412":0,"413":0,"414":0,"415":0,"416":0,"417":0,"418":0,"419":0,"420":0,"421":0,"422":0,"423":0,"424":0,"425":0,"426":0,"427":0,"428":0,"429":0,"430":0,"431":0,"432":0,"433":0,"434":0,"435":0,"436":0,"437":0,"438":0,"439":0,"440":0,"441":0,"442":0,"443":0,"444":1,"445":0,"446":0,"447":0,"448":0,"449":0,"450":0,"451":0,"452":0,"453":0,"454":0,"455":0,"456":0,"457":0,"458":0,"459":0,"460":0,"461":0,"462":0,"463":0,"464":0,"465":0,"466":0,"467":0,"468":0,"469":0,"470":0,"471":1,"472":0,"473":0,"474":0,"475":0,"476":0,"477":0,"478":0,"479":0,"480":0,"481":0,"482":0,"483":0,"484":0,"485":0,"486":0,"487":0,"488":0,"489":0,"490":0,"491":0,"492":0,"493":0,"494":0,"495":0,"496":0,"497":0,"498":0,"499":0,"500":0,"501":0,"502":0,"503":0,"504":0,"505":0,"506":0,"507":0,"508":0,"509":0,"510":0,"511":0,"512":0,"513":0,"514":0,"515":0,"516":0,"517":0,"518":0,"519":0,"520":0,"521":0,"522":0,"523":0,"524":0,"525":0,"526":0,"527":0,"528":0,"529":0,"530":0,"531":0,"532":0,"533":0,"534":0,"535":0,"536":0,"537":0,"538":0,"539":0,"540":0,"541":0,"542":0,"543":0,"544":0,"545":0,"546":0,"547":0,"548":0,"549":0,"550":0,"551":0,"552":0,"553":0,"554":0,"555":0,"556":0,"557":0,"558":0,"559":0,"560":0,"561":0,"562":0,"563":0,"564":0,"565":0,"566":0,"567":0,"568":0,"569":0,"570":0,"571":0,"572":0,"573":0,"574":0,"575":0,"576":0,"577":0,"578":0,"579":0,"580":0,"581":0,"582":1,"583":0,"584":0,"585":0,"586":0,"587":0,"588":0,"589":0,"590":0,"591":0,"592":0,"593":0,"594":0,"595":0,"596":0,"597":0,"598":0,"599":0,"600":0,"601":0,"602":1,"603":0,"604":0,"605":0,"606":0,"607":0,"608":0,"609":0,"610":0,"611":0,"612":0,"613":0,"614":0,"615":0,"616":0,"617":0,"618":0,"619":0,"620":0,"621":0,"622":0,"623":0,"624":0,"625":0,"626":0,"627":0,"628":0,"629":0,"630":0,"631":0,"632":0,"633":0,"634":0,"635":0,"636":0,"637":0,"638":1,"639":1},"b":{"1":[19,8],"2":[5,3],"3":[0,0],"4":[0,0,0],"5":[0,0],"6":[0,0],"7":[0,0],"8":[0,0],"9":[0,0,0,0],"10":[0,0],"11":[0,0],"12":[0,0],"13":[0,0],"14":[0,0],"15":[0,0],"16":[0,0],"17":[0,0],"18":[0,0],"19":[0,0],"20":[0,0,0,0],"21":[0,0],"22":[0,0],"23":[0,0],"24":[0,0],"25":[0,0,0,0,0],"26":[0,0],"27":[0,0],"28":[0,0],"29":[0,0],"30":[0,0],"31":[0,0],"32":[0,0],"33":[0,0],"34":[0,0],"35":[0,0],"36":[0,0],"37":[0,0],"38":[0,0],"39":[0,0],"40":[0,0],"41":[0,0],"42":[0,0],"43":[0,0],"44":[0,0],"45":[0,0],"46":[0,0],"47":[0,0],"48":[0,0],"49":[0,0,0,0,0],"50":[0,0],"51":[0,0],"52":[0,0],"53":[0,0],"54":[0,0],"55":[0,0],"56":[0,0],"57":[0,0],"58":[0,0],"59":[0,0],"60":[0,0],"61":[0,0],"62":[0,0],"63":[0,0],"64":[0,0],"65":[0,0],"66":[0,0],"67":[0,0],"68":[0,0],"69":[0,0],"70":[0,0],"71":[0,0],"72":[0,0],"73":[0,0],"74":[0,0],"75":[0,0],"76":[0,0],"77":[0,0],"78":[0,0],"79":[0,0],"80":[0,0],"81":[0,0],"82":[0,0],"83":[0,0],"84":[0,0],"85":[0,0],"86":[0,0],"87":[0,0],"88":[0,0],"89":[0,0],"90":[0,0],"91":[0,0],"92":[0,0],"93":[0,0],"94":[0,0],"95":[0,0],"96":[0,0],"97":[0,0],"98":[0,0],"99":[0,0],"100":[0,0],"101":[0,0],"102":[0,0],"103":[0,0],"104":[0,0],"105":[0,0],"106":[0,0],"107":[0,0],"108":[0,0,0],"109":[0,0],"110":[0,0],"111":[0,0],"112":[0,0],"113":[0,0],"114":[0,0],"115":[0,0],"116":[0,0],"117":[0,0],"118":[0,0],"119":[0,0],"120":[0,0],"121":[0,0],"122":[0,0],"123":[0,0],"124":[0,0],"125":[0,0],"126":[0,0],"127":[0,0],"128":[0,0],"129":[0,0],"130":[0,0],"131":[0,0],"132":[0,0],"133":[0,0],"134":[0,0],"135":[0,0],"136":[0,0],"137":[0,0],"138":[0,0],"139":[0,0],"140":[0,0],"141":[0,0],"142":[0,0],"143":[0,0],"144":[0,0],"145":[0,0],"146":[0,0],"147":[0,0],"148":[0,0],"149":[0,0],"150":[0,0],"151":[0,0],"152":[0,0],"153":[0,0],"154":[0,0],"155":[0,0],"156":[0,0],"157":[0,0],"158":[0,0],"159":[0,0],"160":[0,0],"161":[0,0],"162":[0,0],"163":[0,0,0,0,0],"164":[0,0],"165":[0,0],"166":[0,0],"167":[0,0],"168":[0,0],"169":[0,0],"170":[0,0],"171":[0,0],"172":[0,0],"173":[0,0],"174":[0,0],"175":[0,0],"176":[0,0],"177":[0,0],"178":[0,0],"179":[0,0],"180":[0,0],"181":[0,0],"182":[0,0],"183":[0,0],"184":[0,0],"185":[0,0],"186":[0,0],"187":[0,0]},"f":{"1":27,"2":31,"3":0,"4":0,"5":0,"6":0,"7":0,"8":0,"9":0,"10":0,"11":0,"12":0,"13":0,"14":0,"15":0,"16":0,"17":0,"18":0,"19":0,"20":0,"21":0,"22":0,"23":0,"24":0,"25":0,"26":0,"27":0,"28":0,"29":0,"30":0,"31":0,"32":0,"33":0,"34":0,"35":0,"36":0,"37":0,"38":0,"39":0,"40":0,"41":0,"42":0,"43":0,"44":0,"45":0,"46":0,"47":0,"48":0,"49":0,"50":0,"51":0,"52":0,"53":0,"54":0,"55":0,"56":0,"57":0,"58":0,"59":0,"60":0,"61":0,"62":0,"63":0,"64":0,"65":0,"66":0,"67":0,"68":0,"69":0,"70":0,"71":0,"72":0,"73":0,"74":0,"75":0,"76":0},"fnMap":{"1":{"name":"(anonymous_1)","line":6,"loc":{"start":{"line":6,"column":40},"end":{"line":6,"column":55}}},"2":{"name":"(anonymous_2)","line":12,"loc":{"start":{"line":12,"column":24},"end":{"line":12,"column":40}}},"3":{"name":"default_deduplicator","line":19,"loc":{"start":{"line":19,"column":0},"end":{"line":19,"column":48}}},"4":{"name":"(anonymous_4)","line":34,"loc":{"start":{"line":34,"column":15},"end":{"line":34,"column":58}}},"5":{"name":"_overpassJSON2geoJSON","line":65,"loc":{"start":{"line":65,"column":2},"end":{"line":65,"column":39}}},"6":{"name":"centerGeometry","line":71,"loc":{"start":{"line":71,"column":4},"end":{"line":71,"column":36}}},"7":{"name":"boundsGeometry","line":78,"loc":{"start":{"line":78,"column":4},"end":{"line":78,"column":36}}},"8":{"name":"addPseudoNode","line":81,"loc":{"start":{"line":81,"column":6},"end":{"line":81,"column":40}}},"9":{"name":"fullGeometryWay","line":99,"loc":{"start":{"line":99,"column":4},"end":{"line":99,"column":34}}},"10":{"name":"addFullGeometryNode","line":100,"loc":{"start":{"line":100,"column":6},"end":{"line":100,"column":47}}},"11":{"name":"(anonymous_11)","line":110,"loc":{"start":{"line":110,"column":37},"end":{"line":110,"column":50}}},"12":{"name":"(anonymous_12)","line":117,"loc":{"start":{"line":117,"column":27},"end":{"line":117,"column":43}}},"13":{"name":"fullGeometryRelation","line":127,"loc":{"start":{"line":127,"column":4},"end":{"line":127,"column":39}}},"14":{"name":"addFullGeometryNode","line":128,"loc":{"start":{"line":128,"column":6},"end":{"line":128,"column":47}}},"15":{"name":"addFullGeometryWay","line":137,"loc":{"start":{"line":137,"column":6},"end":{"line":137,"column":47}}},"16":{"name":"(anonymous_16)","line":139,"loc":{"start":{"line":139,"column":22},"end":{"line":139,"column":37}}},"17":{"name":"addFullGeometryWayPseudoNode","line":147,"loc":{"start":{"line":147,"column":8},"end":{"line":147,"column":55}}},"18":{"name":"(anonymous_18)","line":158,"loc":{"start":{"line":158,"column":25},"end":{"line":158,"column":38}}},"19":{"name":"(anonymous_19)","line":170,"loc":{"start":{"line":170,"column":26},"end":{"line":170,"column":46}}},"20":{"name":"(anonymous_20)","line":213,"loc":{"start":{"line":213,"column":64},"end":{"line":213,"column":82}}},"21":{"name":"_osmXML2geoJSON","line":230,"loc":{"start":{"line":230,"column":2},"end":{"line":230,"column":32}}},"22":{"name":"copy_attribute","line":236,"loc":{"start":{"line":236,"column":4},"end":{"line":236,"column":42}}},"23":{"name":"centerGeometry","line":240,"loc":{"start":{"line":240,"column":4},"end":{"line":240,"column":46}}},"24":{"name":"boundsGeometry","line":247,"loc":{"start":{"line":247,"column":4},"end":{"line":247,"column":44}}},"25":{"name":"addPseudoNode","line":250,"loc":{"start":{"line":250,"column":6},"end":{"line":250,"column":40}}},"26":{"name":"fullGeometryWay","line":268,"loc":{"start":{"line":268,"column":4},"end":{"line":268,"column":39}}},"27":{"name":"addFullGeometryNode","line":269,"loc":{"start":{"line":269,"column":6},"end":{"line":269,"column":47}}},"28":{"name":"(anonymous_28)","line":281,"loc":{"start":{"line":281,"column":21},"end":{"line":281,"column":39}}},"29":{"name":"(anonymous_29)","line":285,"loc":{"start":{"line":285,"column":19},"end":{"line":285,"column":37}}},"30":{"name":"fullGeometryRelation","line":295,"loc":{"start":{"line":295,"column":4},"end":{"line":295,"column":48}}},"31":{"name":"addFullGeometryNode","line":296,"loc":{"start":{"line":296,"column":6},"end":{"line":296,"column":47}}},"32":{"name":"addFullGeometryWay","line":305,"loc":{"start":{"line":305,"column":6},"end":{"line":305,"column":42}}},"33":{"name":"(anonymous_33)","line":307,"loc":{"start":{"line":307,"column":22},"end":{"line":307,"column":37}}},"34":{"name":"addFullGeometryWayPseudoNode","line":315,"loc":{"start":{"line":315,"column":8},"end":{"line":315,"column":55}}},"35":{"name":"(anonymous_35)","line":326,"loc":{"start":{"line":326,"column":20},"end":{"line":326,"column":33}}},"36":{"name":"(anonymous_36)","line":338,"loc":{"start":{"line":338,"column":23},"end":{"line":338,"column":45}}},"37":{"name":"(anonymous_37)","line":359,"loc":{"start":{"line":359,"column":46},"end":{"line":359,"column":66}}},"38":{"name":"(anonymous_38)","line":361,"loc":{"start":{"line":361,"column":48},"end":{"line":361,"column":64}}},"39":{"name":"(anonymous_39)","line":381,"loc":{"start":{"line":381,"column":45},"end":{"line":381,"column":64}}},"40":{"name":"(anonymous_40)","line":384,"loc":{"start":{"line":384,"column":47},"end":{"line":384,"column":63}}},"41":{"name":"(anonymous_41)","line":388,"loc":{"start":{"line":388,"column":46},"end":{"line":388,"column":64}}},"42":{"name":"(anonymous_42)","line":417,"loc":{"start":{"line":417,"column":50},"end":{"line":417,"column":74}}},"43":{"name":"(anonymous_43)","line":420,"loc":{"start":{"line":420,"column":52},"end":{"line":420,"column":68}}},"44":{"name":"(anonymous_44)","line":424,"loc":{"start":{"line":424,"column":55},"end":{"line":424,"column":77}}},"45":{"name":"_convert2geoJSON","line":457,"loc":{"start":{"line":457,"column":2},"end":{"line":457,"column":45}}},"46":{"name":"has_interesting_tags","line":460,"loc":{"start":{"line":460,"column":4},"end":{"line":460,"column":50}}},"47":{"name":"build_meta_information","line":472,"loc":{"start":{"line":472,"column":4},"end":{"line":472,"column":44}}},"48":{"name":"(anonymous_48)","line":613,"loc":{"start":{"line":613,"column":32},"end":{"line":613,"column":44}}},"49":{"name":"construct_multilinestring","line":627,"loc":{"start":{"line":627,"column":8},"end":{"line":627,"column":48}}},"50":{"name":"(anonymous_50)","line":631,"loc":{"start":{"line":631,"column":39},"end":{"line":631,"column":51}}},"51":{"name":"(anonymous_51)","line":632,"loc":{"start":{"line":632,"column":32},"end":{"line":632,"column":44}}},"52":{"name":"(anonymous_52)","line":643,"loc":{"start":{"line":643,"column":38},"end":{"line":643,"column":50}}},"53":{"name":"(anonymous_53)","line":659,"loc":{"start":{"line":659,"column":45},"end":{"line":659,"column":66}}},"54":{"name":"(anonymous_54)","line":660,"loc":{"start":{"line":660,"column":44},"end":{"line":660,"column":59}}},"55":{"name":"(anonymous_55)","line":705,"loc":{"start":{"line":705,"column":32},"end":{"line":705,"column":44}}},"56":{"name":"(anonymous_56)","line":728,"loc":{"start":{"line":728,"column":49},"end":{"line":728,"column":61}}},"57":{"name":"construct_multipolygon","line":746,"loc":{"start":{"line":746,"column":8},"end":{"line":746,"column":57}}},"58":{"name":"(anonymous_58)","line":752,"loc":{"start":{"line":752,"column":39},"end":{"line":752,"column":51}}},"59":{"name":"(anonymous_59)","line":753,"loc":{"start":{"line":753,"column":32},"end":{"line":753,"column":44}}},"60":{"name":"(anonymous_60)","line":764,"loc":{"start":{"line":764,"column":38},"end":{"line":764,"column":50}}},"61":{"name":"(anonymous_61)","line":776,"loc":{"start":{"line":776,"column":39},"end":{"line":776,"column":51}}},"62":{"name":"(anonymous_62)","line":777,"loc":{"start":{"line":777,"column":39},"end":{"line":777,"column":51}}},"63":{"name":"findOuter","line":780,"loc":{"start":{"line":780,"column":10},"end":{"line":780,"column":36}}},"64":{"name":"(anonymous_64)","line":781,"loc":{"start":{"line":781,"column":43},"end":{"line":781,"column":66}}},"65":{"name":"(anonymous_65)","line":787,"loc":{"start":{"line":787,"column":33},"end":{"line":787,"column":48}}},"66":{"name":"(anonymous_66)","line":788,"loc":{"start":{"line":788,"column":30},"end":{"line":788,"column":42}}},"67":{"name":"(anonymous_67)","line":795,"loc":{"start":{"line":795,"column":33},"end":{"line":795,"column":58}}},"68":{"name":"(anonymous_68)","line":822,"loc":{"start":{"line":822,"column":26},"end":{"line":822,"column":38}}},"69":{"name":"(anonymous_69)","line":835,"loc":{"start":{"line":835,"column":39},"end":{"line":835,"column":57}}},"70":{"name":"(anonymous_70)","line":836,"loc":{"start":{"line":836,"column":43},"end":{"line":836,"column":58}}},"71":{"name":"(anonymous_71)","line":841,"loc":{"start":{"line":841,"column":40},"end":{"line":841,"column":55}}},"72":{"name":"(anonymous_72)","line":973,"loc":{"start":{"line":973,"column":31},"end":{"line":973,"column":43}}},"73":{"name":"_isPolygonFeature","line":985,"loc":{"start":{"line":985,"column":2},"end":{"line":985,"column":37}}},"74":{"name":"join","line":1017,"loc":{"start":{"line":1017,"column":0},"end":{"line":1017,"column":20}}},"75":{"name":"(anonymous_75)","line":1018,"loc":{"start":{"line":1018,"column":15},"end":{"line":1018,"column":29}}},"76":{"name":"(anonymous_76)","line":1019,"loc":{"start":{"line":1019,"column":15},"end":{"line":1019,"column":29}}}},"statementMap":{"1":{"start":{"line":1,"column":0},"end":{"line":1,"column":38}},"2":{"start":{"line":2,"column":0},"end":{"line":2,"column":39}},"3":{"start":{"line":5,"column":0},"end":{"line":5,"column":25}},"4":{"start":{"line":6,"column":0},"end":{"line":16,"column":3}},"5":{"start":{"line":7,"column":2},"end":{"line":15,"column":3}},"6":{"start":{"line":8,"column":4},"end":{"line":8,"column":37}},"7":{"start":{"line":10,"column":4},"end":{"line":11,"column":26}},"8":{"start":{"line":12,"column":4},"end":{"line":12,"column":73}},"9":{"start":{"line":12,"column":42},"end":{"line":12,"column":69}},"10":{"start":{"line":13,"column":4},"end":{"line":13,"column":35}},"11":{"start":{"line":14,"column":4},"end":{"line":14,"column":51}},"12":{"start":{"line":19,"column":0},"end":{"line":30,"column":1}},"13":{"start":{"line":22,"column":2},"end":{"line":27,"column":3}},"14":{"start":{"line":24,"column":4},"end":{"line":26,"column":16}},"15":{"start":{"line":29,"column":2},"end":{"line":29,"column":35}},"16":{"start":{"line":32,"column":0},"end":{"line":32,"column":22}},"17":{"start":{"line":34,"column":0},"end":{"line":1014,"column":2}},"18":{"start":{"line":36,"column":2},"end":{"line":55,"column":4}},"19":{"start":{"line":57,"column":2},"end":{"line":57,"column":13}},"20":{"start":{"line":58,"column":2},"end":{"line":62,"column":41}},"21":{"start":{"line":60,"column":4},"end":{"line":60,"column":35}},"22":{"start":{"line":62,"column":4},"end":{"line":62,"column":41}},"23":{"start":{"line":63,"column":2},"end":{"line":63,"column":16}},"24":{"start":{"line":65,"column":2},"end":{"line":229,"column":3}},"25":{"start":{"line":67,"column":4},"end":{"line":67,"column":28}},"26":{"start":{"line":68,"column":4},"end":{"line":68,"column":28}},"27":{"start":{"line":69,"column":4},"end":{"line":69,"column":28}},"28":{"start":{"line":71,"column":4},"end":{"line":77,"column":5}},"29":{"start":{"line":72,"column":6},"end":{"line":72,"column":39}},"30":{"start":{"line":73,"column":6},"end":{"line":73,"column":41}},"31":{"start":{"line":74,"column":6},"end":{"line":74,"column":41}},"32":{"start":{"line":75,"column":6},"end":{"line":75,"column":48}},"33":{"start":{"line":76,"column":6},"end":{"line":76,"column":29}},"34":{"start":{"line":78,"column":4},"end":{"line":98,"column":5}},"35":{"start":{"line":79,"column":6},"end":{"line":79,"column":38}},"36":{"start":{"line":80,"column":6},"end":{"line":80,"column":27}},"37":{"start":{"line":81,"column":6},"end":{"line":90,"column":7}},"38":{"start":{"line":82,"column":8},"end":{"line":87,"column":9}},"39":{"start":{"line":88,"column":8},"end":{"line":88,"column":44}},"40":{"start":{"line":89,"column":8},"end":{"line":89,"column":31}},"41":{"start":{"line":91,"column":6},"end":{"line":91,"column":71}},"42":{"start":{"line":92,"column":6},"end":{"line":92,"column":71}},"43":{"start":{"line":93,"column":6},"end":{"line":93,"column":71}},"44":{"start":{"line":94,"column":6},"end":{"line":94,"column":71}},"45":{"start":{"line":95,"column":6},"end":{"line":95,"column":47}},"46":{"start":{"line":96,"column":6},"end":{"line":96,"column":47}},"47":{"start":{"line":97,"column":6},"end":{"line":97,"column":27}},"48":{"start":{"line":99,"column":4},"end":{"line":126,"column":5}},"49":{"start":{"line":100,"column":6},"end":{"line":108,"column":7}},"50":{"start":{"line":101,"column":8},"end":{"line":106,"column":9}},"51":{"start":{"line":107,"column":8},"end":{"line":107,"column":33}},"52":{"start":{"line":109,"column":6},"end":{"line":116,"column":7}},"53":{"start":{"line":110,"column":8},"end":{"line":115,"column":11}},"54":{"start":{"line":111,"column":10},"end":{"line":114,"column":49}},"55":{"start":{"line":112,"column":12},"end":{"line":112,"column":51}},"56":{"start":{"line":114,"column":12},"end":{"line":114,"column":49}},"57":{"start":{"line":117,"column":6},"end":{"line":125,"column":9}},"58":{"start":{"line":118,"column":8},"end":{"line":124,"column":9}},"59":{"start":{"line":119,"column":10},"end":{"line":123,"column":12}},"60":{"start":{"line":127,"column":4},"end":{"line":189,"column":5}},"61":{"start":{"line":128,"column":6},"end":{"line":136,"column":7}},"62":{"start":{"line":129,"column":8},"end":{"line":134,"column":9}},"63":{"start":{"line":135,"column":8},"end":{"line":135,"column":33}},"64":{"start":{"line":137,"column":6},"end":{"line":169,"column":7}},"65":{"start":{"line":139,"column":8},"end":{"line":141,"column":19}},"66":{"start":{"line":140,"column":10},"end":{"line":140,"column":51}},"67":{"start":{"line":141,"column":12},"end":{"line":141,"column":19}},"68":{"start":{"line":142,"column":8},"end":{"line":146,"column":9}},"69":{"start":{"line":147,"column":8},"end":{"line":157,"column":9}},"70":{"start":{"line":149,"column":10},"end":{"line":154,"column":11}},"71":{"start":{"line":155,"column":10},"end":{"line":155,"column":56}},"72":{"start":{"line":156,"column":10},"end":{"line":156,"column":41}},"73":{"start":{"line":158,"column":8},"end":{"line":167,"column":11}},"74":{"start":{"line":159,"column":10},"end":{"line":166,"column":11}},"75":{"start":{"line":160,"column":12},"end":{"line":163,"column":14}},"76":{"start":{"line":165,"column":12},"end":{"line":165,"column":46}},"77":{"start":{"line":168,"column":8},"end":{"line":168,"column":31}},"78":{"start":{"line":170,"column":6},"end":{"line":188,"column":9}},"79":{"start":{"line":171,"column":8},"end":{"line":187,"column":9}},"80":{"start":{"line":172,"column":10},"end":{"line":178,"column":11}},"81":{"start":{"line":173,"column":12},"end":{"line":177,"column":14}},"82":{"start":{"line":179,"column":15},"end":{"line":187,"column":9}},"83":{"start":{"line":180,"column":10},"end":{"line":186,"column":11}},"84":{"start":{"line":181,"column":12},"end":{"line":181,"column":48}},"85":{"start":{"line":182,"column":12},"end":{"line":185,"column":14}},"86":{"start":{"line":192,"column":4},"end":{"line":227,"column":5}},"87":{"start":{"line":193,"column":6},"end":{"line":226,"column":7}},"88":{"start":{"line":195,"column":8},"end":{"line":195,"column":36}},"89":{"start":{"line":196,"column":8},"end":{"line":196,"column":25}},"90":{"start":{"line":197,"column":6},"end":{"line":197,"column":12}},"91":{"start":{"line":199,"column":8},"end":{"line":199,"column":44}},"92":{"start":{"line":200,"column":8},"end":{"line":200,"column":39}},"93":{"start":{"line":201,"column":8},"end":{"line":201,"column":23}},"94":{"start":{"line":202,"column":8},"end":{"line":203,"column":30}},"95":{"start":{"line":203,"column":10},"end":{"line":203,"column":30}},"96":{"start":{"line":204,"column":8},"end":{"line":207,"column":30}},"97":{"start":{"line":205,"column":10},"end":{"line":205,"column":31}},"98":{"start":{"line":206,"column":13},"end":{"line":207,"column":30}},"99":{"start":{"line":207,"column":10},"end":{"line":207,"column":30}},"100":{"start":{"line":208,"column":6},"end":{"line":208,"column":12}},"101":{"start":{"line":210,"column":8},"end":{"line":210,"column":44}},"102":{"start":{"line":211,"column":8},"end":{"line":211,"column":43}},"103":{"start":{"line":212,"column":8},"end":{"line":212,"column":23}},"104":{"start":{"line":213,"column":8},"end":{"line":216,"column":11}},"105":{"start":{"line":214,"column":10},"end":{"line":215,"column":87}},"106":{"start":{"line":217,"column":8},"end":{"line":218,"column":30}},"107":{"start":{"line":218,"column":10},"end":{"line":218,"column":30}},"108":{"start":{"line":219,"column":8},"end":{"line":222,"column":30}},"109":{"start":{"line":220,"column":10},"end":{"line":220,"column":36}},"110":{"start":{"line":221,"column":13},"end":{"line":222,"column":30}},"111":{"start":{"line":222,"column":10},"end":{"line":222,"column":30}},"112":{"start":{"line":223,"column":6},"end":{"line":223,"column":12}},"113":{"start":{"line":228,"column":4},"end":{"line":228,"column":45}},"114":{"start":{"line":230,"column":2},"end":{"line":456,"column":3}},"115":{"start":{"line":232,"column":4},"end":{"line":232,"column":28}},"116":{"start":{"line":233,"column":4},"end":{"line":233,"column":28}},"117":{"start":{"line":234,"column":4},"end":{"line":234,"column":28}},"118":{"start":{"line":236,"column":4},"end":{"line":239,"column":5}},"119":{"start":{"line":237,"column":6},"end":{"line":238,"column":39}},"120":{"start":{"line":238,"column":8},"end":{"line":238,"column":39}},"121":{"start":{"line":240,"column":4},"end":{"line":246,"column":5}},"122":{"start":{"line":241,"column":6},"end":{"line":241,"column":39}},"123":{"start":{"line":242,"column":6},"end":{"line":242,"column":50}},"124":{"start":{"line":243,"column":6},"end":{"line":243,"column":50}},"125":{"start":{"line":244,"column":6},"end":{"line":244,"column":48}},"126":{"start":{"line":245,"column":6},"end":{"line":245,"column":29}},"127":{"start":{"line":247,"column":4},"end":{"line":267,"column":5}},"128":{"start":{"line":248,"column":6},"end":{"line":248,"column":38}},"129":{"start":{"line":249,"column":6},"end":{"line":249,"column":27}},"130":{"start":{"line":250,"column":6},"end":{"line":259,"column":7}},"131":{"start":{"line":251,"column":8},"end":{"line":256,"column":9}},"132":{"start":{"line":257,"column":8},"end":{"line":257,"column":44}},"133":{"start":{"line":258,"column":8},"end":{"line":258,"column":31}},"134":{"start":{"line":260,"column":6},"end":{"line":260,"column":83}},"135":{"start":{"line":261,"column":6},"end":{"line":261,"column":83}},"136":{"start":{"line":262,"column":6},"end":{"line":262,"column":83}},"137":{"start":{"line":263,"column":6},"end":{"line":263,"column":83}},"138":{"start":{"line":264,"column":6},"end":{"line":264,"column":47}},"139":{"start":{"line":265,"column":6},"end":{"line":265,"column":47}},"140":{"start":{"line":266,"column":6},"end":{"line":266,"column":27}},"141":{"start":{"line":268,"column":4},"end":{"line":294,"column":5}},"142":{"start":{"line":269,"column":6},"end":{"line":278,"column":7}},"143":{"start":{"line":270,"column":8},"end":{"line":275,"column":9}},"144":{"start":{"line":276,"column":8},"end":{"line":276,"column":33}},"145":{"start":{"line":277,"column":8},"end":{"line":277,"column":31}},"146":{"start":{"line":279,"column":6},"end":{"line":284,"column":7}},"147":{"start":{"line":280,"column":8},"end":{"line":280,"column":23}},"148":{"start":{"line":281,"column":8},"end":{"line":283,"column":11}},"149":{"start":{"line":282,"column":10},"end":{"line":282,"column":90}},"150":{"start":{"line":285,"column":6},"end":{"line":293,"column":9}},"151":{"start":{"line":286,"column":8},"end":{"line":292,"column":9}},"152":{"start":{"line":287,"column":10},"end":{"line":291,"column":12}},"153":{"start":{"line":295,"column":4},"end":{"line":357,"column":5}},"154":{"start":{"line":296,"column":6},"end":{"line":304,"column":7}},"155":{"start":{"line":297,"column":8},"end":{"line":302,"column":9}},"156":{"start":{"line":303,"column":8},"end":{"line":303,"column":33}},"157":{"start":{"line":305,"column":6},"end":{"line":337,"column":7}},"158":{"start":{"line":307,"column":8},"end":{"line":309,"column":19}},"159":{"start":{"line":308,"column":10},"end":{"line":308,"column":51}},"160":{"start":{"line":309,"column":12},"end":{"line":309,"column":19}},"161":{"start":{"line":310,"column":8},"end":{"line":314,"column":9}},"162":{"start":{"line":315,"column":8},"end":{"line":325,"column":9}},"163":{"start":{"line":317,"column":10},"end":{"line":322,"column":11}},"164":{"start":{"line":323,"column":10},"end":{"line":323,"column":56}},"165":{"start":{"line":324,"column":10},"end":{"line":324,"column":41}},"166":{"start":{"line":326,"column":8},"end":{"line":335,"column":11}},"167":{"start":{"line":327,"column":10},"end":{"line":334,"column":11}},"168":{"start":{"line":328,"column":12},"end":{"line":331,"column":14}},"169":{"start":{"line":333,"column":12},"end":{"line":333,"column":46}},"170":{"start":{"line":336,"column":8},"end":{"line":336,"column":31}},"171":{"start":{"line":338,"column":6},"end":{"line":356,"column":9}},"172":{"start":{"line":339,"column":8},"end":{"line":355,"column":9}},"173":{"start":{"line":340,"column":10},"end":{"line":346,"column":11}},"174":{"start":{"line":341,"column":12},"end":{"line":345,"column":14}},"175":{"start":{"line":347,"column":15},"end":{"line":355,"column":9}},"176":{"start":{"line":348,"column":10},"end":{"line":354,"column":11}},"177":{"start":{"line":349,"column":12},"end":{"line":349,"column":64}},"178":{"start":{"line":350,"column":12},"end":{"line":353,"column":14}},"179":{"start":{"line":359,"column":4},"end":{"line":378,"column":7}},"180":{"start":{"line":360,"column":6},"end":{"line":360,"column":20}},"181":{"start":{"line":361,"column":6},"end":{"line":363,"column":9}},"182":{"start":{"line":362,"column":8},"end":{"line":362,"column":60}},"183":{"start":{"line":364,"column":6},"end":{"line":366,"column":8}},"184":{"start":{"line":367,"column":6},"end":{"line":367,"column":47}},"185":{"start":{"line":368,"column":6},"end":{"line":368,"column":48}},"186":{"start":{"line":369,"column":6},"end":{"line":369,"column":48}},"187":{"start":{"line":370,"column":6},"end":{"line":370,"column":52}},"188":{"start":{"line":371,"column":6},"end":{"line":371,"column":54}},"189":{"start":{"line":372,"column":6},"end":{"line":372,"column":54}},"190":{"start":{"line":373,"column":6},"end":{"line":373,"column":4
[...]
\"symbol\"!=n&&\"boolean\"!=n&&null!=e&&!ht(e))||(yn.test(e)||!pn.test(e)||null!=t&&e in Object(t))}function Je(e){var t=typeof e;return\"string\"==t||\"number\"==t||\"symbol\"==t||\"boolean\"==t?\"__proto__\"!==e:null===e}function Ke(e){return!!In&&In in e}function Qe(e){var t=e&&e.constructor,n=\"function\"==typeof t&&t.prototype||Sn;return e===n}function Ye(e){return e===e&&!dt(e)}function Ze(e,t){return function(n){return null!=n&&(n[e]===t&&(t!==Tt||e in Object(n)))}}function et(e){var t=[];if(null!=e)for(var n in Object(e))t.push(n);return t}function tt(e){if(\"string\"==typeof e||ht(e))return e;var t=e+\"\";return\"0\"==t&&1/e==-It?\"-0\":t}function nt(e){if(null!=e){try{return Dn.call(e)}catch(e){}try{return e+\"\"}catch(e){}}return\"\"}function rt(e){for(var t=-1,n=e?e.length:0,r=0,o=[];++t<n;){var a=e[t];a&&(o[r++]=a)}return o}function ot(e,t){var n=mr(e)?i:dr;return n(e,Re(t,3))}function at(e,t){if(\"function\"!=typeof e||t&&\"function\"!=typeof t)throw new TypeError(Bt);var n=function(){var r=arguments,o=t?t.apply(this,r):r[0],a=n.cache;if(a.has(o))return a.get(o);var i=e.apply(this,r);return n.cache=a.set(o,i),i};return n.cache=new(at.Cache||P),n}function it(e){return Q(e,!1,!0)}function ut(e,t){return e===t||e!==e&&t!==t}function st(e){return ct(e)&&Rn.call(e,\"callee\")&&(!Xn.call(e,\"callee\")||$n.call(e)==Rt)}function lt(e){return null!=e&&yt(e.length)&&!pt(e)}function ct(e){return gt(e)&&lt(e)}function ft(e){if(lt(e)&&(mr(e)||\"string\"==typeof e||\"function\"==typeof e.splice||_r(e)||st(e)))return!e.length;var t=hr(e);if(t==qt||t==Kt)return!e.size;if(ar||Qe(e))return!Qn(e).length;for(var n in e)if(Rn.call(e,n))return!1;return!0}function pt(e){var t=dt(e)?$n.call(e):\"\";return t==zt||t==Wt}function yt(e){return\"number\"==typeof e&&e>-1&&e%1==0&&e<=Dt}function dt(e){var t=typeof e;return!!e&&(\"object\"==t||\"function\"==t)}function gt(e){return!!e&&\"object\"==typeof e}function vt(e){if(!gt(e)||$n.call(e)!=Xt||d(e))return!1;var t=qn(e);if(null===t)return!0;var n=Rn.call(t,\"constructor\")&&t.constructor;return\"function\"==typeof n&&n instanceof n&&Dn.call(n)==Un}function ht(e){return\"symbol\"==typeof e||gt(e)&&$n.call(e)==Yt}function bt(e){return Te(e,jt(e))}function mt(e){return null==e?\"\":be(e)}function _t(e,t,n){var r=null==e?Tt:ee(e,t);return r===Tt?n:r}function wt(e,t){return null!=e&&Ge(e,t,re)}function At(e){return lt(e)?V(e):ce(e)}function jt(e){return lt(e)?V(e,!0):fe(e)}function kt(e){return e}function Ot(e){return le(\"function\"==typeof e?e:Q(e,!0))}function Et(e){return He(e)?c(tt(e)):ve(e)}function xt(){return[]}function Mt(){return!1}var Tt,Nt=\"4.15.0\",Pt=200,Bt=\"Expected a function\",Ft=\"__lodash_hash_undefined__\",St=1,Lt=2,It=1/0,Dt=9007199254740991,Rt=\"[object Arguments]\",Ut=\"[object Array]\",$t=\"[object Boolean]\",Ct=\"[object Date]\",Gt=\"[object Error]\",zt=\"[object Function]\",Wt=\"[object GeneratorFunction]\",qt=\"[object Map]\",Vt=\"[object Number]\",Xt=\"[object Object]\",Ht=\"[object Promise]\",Jt=\"[object RegExp]\",Kt=\"[object Set]\",Qt=\"[object String]\",Yt=\"[object Symbol]\",Zt=\"[object WeakMap]\",en=\"[object ArrayBuffer]\",tn=\"[object DataView]\",nn=\"[object Float32Array]\",rn=\"[object Float64Array]\",on=\"[object Int8Array]\",an=\"[object Int16Array]\",un=\"[object Int32Array]\",sn=\"[object Uint8Array]\",ln=\"[object Uint8ClampedArray]\",cn=\"[object Uint16Array]\",fn=\"[object Uint32Array]\",pn=/\\.|\\[(?:[^[\\]]*|([\"'])(?:(?!\\1)[^\\\\]|\\\\.)*?\\1)\\]/,yn=/^\\w*$/,dn=/^\\./,gn=/[^.[\\]]+|\\[(?:(-?\\d+(?:\\.\\d+)?)|([\"'])((?:(?!\\2)[^\\\\]|\\\\.)*?)\\2)\\]|(?=(?:\\.|\\[\\])(?:\\.|\\[\\]|$))/g,vn=/[\\\\^$.*+?()[\\]{}|]/g,hn=/\\\\(\\\\)?/g,bn=/\\w*$/,mn=/^\\[object .+?Constructor\\]$/,_n=/^(?:0|[1-9]\\d*)$/,wn={};wn[nn]=wn[rn]=wn[on]=wn[an]=wn[un]=wn[sn]=wn[ln]=wn[cn]=wn[fn]=!0,wn[Rt]=wn[Ut]=wn[en]=wn[$t]=wn[tn]=wn[Ct]=wn[Gt]=wn[zt]=wn[qt]=wn[Vt]=wn[Xt]=wn[Jt]=wn[Kt]=wn[Qt]=wn[Zt]=!1;var An={};An[Rt]=An[Ut]=An[en]=An[tn]=An[$t]=An[Ct]=An[nn]=An[rn]=An[on]=An[an]=An[un]=An[qt]=An[Vt]=An[Xt]=An[Jt]=An[Kt]=An[Qt]=An[Yt]=An[sn]=An[ln]=An[cn]=An[fn]=!0,An[Gt]=An[zt]=An[Zt]=!1;var jn=\"object\"==typeof e&&e&&e.Object===Object&&e,kn=\"object\"==typeof self&&self&&self.Object===Object&&self,On=jn||kn||Function(\"return this\")(),En=\"object\"==typeof n&&n&&!n.nodeType&&n,xn=En&&\"object\"==typeof t&&t&&!t.nodeType&&t,Mn=xn&&xn.exports===En,Tn=Mn&&jn.process,Nn=function(){try{return Tn&&Tn.binding(\"util\")}catch(e){}}(),Pn=Nn&&Nn.isTypedArray,Bn=Array.prototype,Fn=Function.prototype,Sn=Object.prototype,Ln=On[\"__core-js_shared__\"],In=function(){var e=/[^.]+$/.exec(Ln&&Ln.keys&&Ln.keys.IE_PROTO||\"\");return e?\"Symbol(src)_1.\"+e:\"\"}(),Dn=Fn.toString,Rn=Sn.hasOwnProperty,Un=Dn.call(Object),$n=Sn.toString,Cn=RegExp(\"^\"+Dn.call(Rn).replace(vn,\"\\\\$&\").replace(/hasOwnProperty|(function).*?(?=\\\\\\()| for .+?(?=\\\\\\])/g,\"$1.*?\")+\"$\"),Gn=Mn?On.Buffer:Tt,zn=On.Symbol,Wn=On.Uint8Array,qn=v(Object.getPrototypeOf,Object),Vn=Object.create,Xn=Sn.propertyIsEnumerable,Hn=Bn.splice,Jn=Object.getOwnPropertySymbols,Kn=Gn?Gn.isBuffer:Tt,Qn=v(Object.keys,Object),Yn=Math.max,Zn=Ce(On,\"DataView\"),er=Ce(On,\"Map\"),tr=Ce(On,\"Promise\"),nr=Ce(On,\"Set\"),rr=Ce(On,\"WeakMap\"),or=Ce(Object,\"create\"),ar=!Xn.call({valueOf:1},\"valueOf\"),ir=nt(Zn),ur=nt(er),sr=nt(tr),lr=nt(nr),cr=nt(rr),fr=zn?zn.prototype:Tt,pr=fr?fr.valueOf:Tt,yr=fr?fr.toString:Tt;m.prototype.clear=_,m.prototype.delete=w,m.prototype.get=A,m.prototype.has=j,m.prototype.set=k,O.prototype.clear=E,O.prototype.delete=x,O.prototype.get=M,O.prototype.has=T,O.prototype.set=N,P.prototype.clear=B,P.prototype.delete=F,P.prototype.get=S,P.prototype.has=L,P.prototype.set=I,D.prototype.add=D.prototype.push=R,D.prototype.has=U,$.prototype.clear=C,$.prototype.delete=G,$.prototype.get=z,$.prototype.has=W,$.prototype.set=q;var dr=Be(Z),gr=Fe(),vr=Jn?v(Jn,Object):xt,hr=ne;(Zn&&hr(new Zn(new ArrayBuffer(1)))!=tn||er&&hr(new er)!=qt||tr&&hr(tr.resolve())!=Ht||nr&&hr(new nr)!=Kt||rr&&hr(new rr)!=Zt)&&(hr=function(e){var t=$n.call(e),n=t==Xt?e.constructor:Tt,r=n?nt(n):Tt;if(r)switch(r){case ir:return tn;case ur:return qt;case sr:return Ht;","case lr:return Kt;case cr:return Zt}return t});var br=at(function(e){e=mt(e);var t=[];return dn.test(e)&&t.push(\"\"),e.replace(gn,function(e,n,r,o){t.push(r?o.replace(hn,\"$1\"):n||e)}),t});at.Cache=P;var mr=Array.isArray,_r=Kn||Mt,wr=Pn?p(Pn):se,Ar=Pe(function(e,t,n){de(e,t,n)});b.compact=rt,b.iteratee=Ot,b.keys=At,b.keysIn=jt,b.memoize=at,b.merge=Ar,b.property=Et,b.toPlainObject=bt,b.clone=it,b.eq=ut,b.forEach=ot,b.get=_t,b.hasIn=wt,b.identity=kt,b.isArguments=st,b.isArray=mr,b.isArrayLike=lt,b.isArrayLikeObject=ct,b.isBuffer=_r,b.isEmpty=ft,b.isFunction=pt,b.isLength=yt,b.isObject=dt,b.isObjectLike=gt,b.isPlainObject=vt,b.isSymbol=ht,b.isTypedArray=wr,b.stubArray=xt,b.stubFalse=Mt,b.toString=mt,b.each=ot,b.VERSION=Nt,xn&&((xn.exports=b)._=b,En._=b)}).call(this)}).call(this,\"undefined\"!=typeof global?global:\"undefined\"!=typeof self?self:\"undefined\"!=typeof window?window:{})},{}],3:[function(e,t,n){function r(e,t){switch(e&&e.type||null){case\"FeatureCollection\":return e.features=e.features.map(o(r,t)),e;case\"Feature\":return e.geometry=r(e.geometry,t),e;case\"Polygon\":case\"MultiPolygon\":return a(e,t);default:return e}}function o(e,t){return function(n){return e(n,t)}}function a(e,t){return\"Polygon\"===e.type?e.coordinates=i(e.coordinates,t):\"MultiPolygon\"===e.type&&(e.coordinates=e.coordinates.map(o(i,t))),e}function i(e,t){t=!!t,e[0]=u(e[0],!t);for(var n=1;n<e.length;n++)e[n]=u(e[n],t);return e}function u(e,t){return s(e)===t?e:e.reverse()}function s(e){return l.ring(e)>=0}var l=e(\"geojson-area\");t.exports=r},{\"geojson-area\":4}],4:[function(e,t,n){function r(e){if(\"Polygon\"===e.type)return o(e.coordinates);if(\"MultiPolygon\"===e.type){for(var t=0,n=0;n<e.coordinates.length;n++)t+=o(e.coordinates[n]);return t}return null}function o(e){var t=0;if(e&&e.length>0){t+=Math.abs(a(e[0]));for(var n=1;n<e.length;n++)t-=Math.abs(a(e[n]))}return t}function a(e){var t=0;if(e.length>2){for(var n,r,o=0;o<e.length-1;o++)n=e[o],r=e[o+1],t+=i(r[0]-n[0])*(2+Math.sin(i(n[1]))+Math.sin(i(r[1])));t=t*u.RADIUS*u.RADIUS/2}return t}function i(e){return e*Math.PI/180}var u=e(\"wgs84\");t.exports.geometry=r,t.exports.ring=a},{wgs84:5}],5:[function(e,t,n){t.exports.RADIUS=6378137,t.exports.FLATTENING=1/298.257223563,t.exports.POLAR_RADIUS=6356752.3142},{}],6:[function(e,t,n){t.exports=e(\"./polygon-features.json\")},{\"./polygon-features.json\":7}],7:[function(e,t,n){t.exports=[{key:\"building\",polygon:\"all\"},{key:\"highway\",polygon:\"whitelist\",values:[\"services\",\"rest_area\",\"escape\",\"elevator\"]},{key:\"natural\",polygon:\"blacklist\",values:[\"coastline\",\"cliff\",\"ridge\",\"arete\",\"tree_row\"]},{key:\"landuse\",polygon:\"all\"},{key:\"waterway\",polygon:\"whitelist\",values:[\"riverbank\",\"dock\",\"boatyard\",\"dam\"]},{key:\"amenity\",polygon:\"all\"},{key:\"leisure\",polygon:\"all\"},{key:\"barrier\",polygon:\"whitelist\",values:[\"city_wall\",\"ditch\",\"hedge\",\"retaining_wall\",\"wall\",\"spikes\"]},{key:\"railway\",polygon:\"whitelist\",values:[\"station\",\"turntable\",\"roundhouse\",\"platform\"]},{key:\"area\",polygon:\"all\"},{key:\"boundary\",polygon:\"all\"},{key:\"man_made\",polygon:\"blacklist\",values:[\"cutline\",\"embankment\",\"pipeline\"]},{key:\"power\",polygon:\"whitelist\",values:[\"plant\",\"substation\",\"generator\",\"transformer\"]},{key:\"place\",polygon:\"all\"},{key:\"shop\",polygon:\"all\"},{key:\"aeroway\",polygon:\"blacklist\",values:[\"taxiway\"]},{key:\"tourism\",polygon:\"all\"},{key:\"historic\",polygon:\"all\"},{key:\"public_transport\",polygon:\"all\"},{key:\"office\",polygon:\"all\"},{key:\"building:part\",polygon:\"all\"},{key:\"military\",polygon:\"all\"},{key:\"ruins\",polygon:\"all\"},{key:\"area:highway\",polygon:\"all\"},{key:\"craft\",polygon:\"all\"},{key:\"golf\",polygon:\"all\"}]},{}]},{},[1])(1)});"],"l":{"1":31,"2":1}},"/home/travis/build/npmtest/node-npmtest-osmtogeojson/node_modules/osmtogeojson/parse_osmxml.js":{"path":"/home/travis/build/npmtest/node-npmtest-osmtogeojson/node_modules/osmtogeojson/parse_osmxml.js","s":{"1":1,"2":1,"3":1,"4":1,"5":1,"6":0,"7":0,"8":0,"9":0,"10":0,"11":0,"12":0,"13":0,"14":0,"15":0,"16":0,"17":0,"18":0,"19":0,"20":0,"21":0,"22":0,"23":0,"24":0,"25":0,"26":0,"27":0,"28":0,"29":0,"30":0,"31":0,"32":0,"33":0,"34":0,"35":0,"36":0,"37":0,"38":0,"39":0,"40":1,"41":0,"42":0,"43":0,"44":1,"45":0,"46":1},"b":{"1":[0,0,0,0,0,0,0,0],"2":[0,0],"3":[0,0],"4":[0,0],"5":[0,0],"6":[0,0,0,0],"7":[0,0],"8":[0,0],"9":[0,0],"10":[0,0],"11":[0,0]},"f":{"1":0,"2":0,"3":0,"4":0,"5":0,"6":0},"fnMap":{"1":{"name":"(anonymous_1)","line":11,"loc":{"start":{"line":11,"column":15},"end":{"line":11,"column":36}}},"2":{"name":"(anonymous_2)","line":63,"loc":{"start":{"line":63,"column":12},"end":{"line":63,"column":27}}},"3":{"name":"(anonymous_3)","line":65,"loc":{"start":{"line":65,"column":16},"end":{"line":65,"column":31}}},"4":{"name":"(anonymous_4)","line":68,"loc":{"start":{"line":68,"column":57},"end":{"line":68,"column":69}}},"5":{"name":"(anonymous_5)","line":86,"loc":{"start":{"line":86,"column":20},"end":{"line":86,"column":38}}},"6":{"name":"(anonymous_6)","line":87,"loc":{"start":{"line":87,"column":12},"end":{"line":87,"column":23}}}},"statementMap":{"1":{"start":{"line":2,"column":0},"end":{"line":2,"column":40}},"2":{"start":{"line":3,"column":0},"end":{"line":3,"column":38}},"3":{"start":{"line":5,"column":0},"end":{"line":8,"column":2}},"4":{"start":{"line":9,"column":0},"end":{"line":9,"column":16}},"5":{"start":{"line":10,"column":0},"end":{"line":84,"column":3}},"6":{"start":{"line":12,"column":8},"end":{"line":61,"column":9}},"7":{"start":{"line":16,"column":12},"end":{"line":19,"column":13}},"8":{"start":{"line":20,"column":12},"end":{"line":20,"column":34}},"9":{"start":{"line":21,"column":12},"end":{"line":24,"column":13}},"10":{"start":{"line":22,"column":16},"end":{"line":22,"column":34}},"11":{"start":{"line":23,"column":16},"end":{"line":23,"column":37}},"12":{"start":{"line":25,"column":12},"end":{"line":29,"column":13}},"13":{"start":{"line":26,"column":16},"end":{"line":26,"column":36}},"14":{"start":{"line":27,"column":16},"end":{"line":27,"column":34}},"15":{"start":{"line":28,"column":16},"end":{"line":28,"column":37}},"16":{"start":{"line":30,"column":8},"end":{"line":30,"column":14}},"17":{"start":{"line":32,"column":12},"end":{"line":32,"column":41}},"18":{"start":{"line":33,"column":8},"end":{"line":33,"column":14}},"19":{"start":{"line":35,"column":12},"end":{"line":35,"column":40}},"20":{"start":{"line":36,"column":12},"end":{"line":43,"column":13}},"21":{"start":{"line":37,"column":16},"end":{"line":40,"column":19}},"22":{"start":{"line":42,"column":16},"end":{"line":42,"column":43}},"23":{"start":{"line":44,"column":8},"end":{"line":44,"column":14}},"24":{"start":{"line":46,"column":12},"end":{"line":46,"column":38}},"25":{"start":{"line":47,"column":8},"end":{"line":47,"column":14}},"26":{"start":{"line":49,"column":12},"end":{"line":52,"column":14}},"27":{"start":{"line":53,"column":8},"end":{"line":53,"column":14}},"28":{"start":{"line":55,"column":12},"end":{"line":60,"column":14}},"29":{"start":{"line":66,"column":8},"end":{"line":73,"column":9}},"30":{"start":{"line":68,"column":12},"end":{"line":69,"column":39}},"31":{"start":{"line":68,"column":70},"end":{"line":68,"column":86}},"32":{"start":{"line":69,"column":16},"end":{"line":69,"column":39}},"33":{"start":{"line":70,"column":12},"end":{"line":71,"column":36}},"34":{"start":{"line":71,"column":16},"end":{"line":71,"column":36}},"35":{"start":{"line":72,"column":12},"end":{"line":72,"column":39}},"36":{"start":{"line":74,"column":8},"end":{"line":79,"column":9}},"37":{"start":{"line":75,"column":12},"end":{"line":78,"column":13}},"38":{"start":{"line":76,"column":16},"end":{"line":76,"column":83}},"39":{"start":{"line":77,"column":16},"end":{"line":77,"column":37}},"40":{"start":{"line":86,"column":0},"end":{"line":86,"column":81}},"41":{"start":{"line":86,"column":40},"end":{"line":86,"column":57}},"42":{"start":{"line":86,"column":58},"end":{"line":86,"column":66}},"43":{"start":{"line":86,"column":67},"end":{"line":86,"column":79}},"44":{"start":{"line":87,"column":0},"end":{"line":89,"column":1}},"45":{"start":{"line":88,"column":4},"end":{"line":88,"column":16}},"46":{"start":{"line":91,"column":0},"end":{"line":91,"column":19}}},"branchMap":{"1":{"line":12,"type":"switch","locations":[{"start":{"line":13,"column":8},"end":{"line":13,"column":20}},{"start":{"line":14,"column":8},"end":{"line":14,"column":19}},{"start":{"line":15,"column":8},"end":{"line":30,"column":14}},{"start":{"line":31,"column":8},"end":{"line":33,"column":14}},{"start":{"line":34,"column":8},"end":{"line":44,"column":14}},{"start":{"line":45,"column":8},"end":{"line":47,"column":14}},{"start":{"line":48,"column":8},"end":{"line":53,"column":14}},{"start":{"line":54,"column":8},"end":{"line":60,"column":14}}]},"2":{"line":21,"type":"if","locations":[{"start":{"line":21,"column":12},"end":{"line":21,"column":12}},{"start":{"line":21,"column":12},"end":{"line":21,"column":12}}]},"3":{"line":25,"type":"if","locations":[{"start":{"line":25,"column":12},"end":{"line":25,"column":12}},{"start":{"line":25,"column":12},"end":{"line":25,"column":12}}]},"4":{"line":36,"type":"if","locations":[{"start":{"line":36,"column":12},"end":{"line":36,"column":12}},{"start":{"line":36,"column":12},"end":{"line":36,"column":12}}]},"5":{"line":66,"type":"if","locations":[{"start":{"line":66,"column":8},"end":{"line":66,"column":8}},{"start":{"line":66,"column":8},"end":{"line":66,"column":8}}]},"6":{"line":66,"type":"binary-expr","locations":[{"start":{"line":66,"column":12},"end":{"line":66,"column":27}},{"start":{"line":66,"column":31},"end":{"line":66,"column":45}},{"start":{"line":66,"column":49},"end":{"line":66,"column":68}},{"start":{"line":66,"column":72},"end":{"line":66,"column":87}}]},"7":{"line":68,"type":"if","locations":[{"start":{"line":68,"column":12},"end":{"line":68,"column":12}},{"start":{"line":68,"column":12},"end":{"line":68,"column":12}}]},"8":{"line":68,"type":"binary-expr","locations":[{"start":{"line":68,"column":16},"end":{"line":68,"column":31}},{"start":{"line":68,"column":35},"end":{"line":68,"column":88}}]},"9":{"line":70,"type":"if","locations":[{"start":{"line":70,"column":12},"end":{"line":70,"column":12}},{"start":{"line":70,"column":12},"end":{"line":70,"column":12}}]},"10":{"line":74,"type":"if","locations":[{"start":{"line":74,"column":8},"end":{"line":74,"column":8}},{"start":{"line":74,"column":8},"end":{"line":74,"column":8}}]},"11":{"line":75,"type":"if","locations":[{"start":{"line":75,"column":12},"end":{"line":75,"column":12}},{"start":{"line":75,"column":12},"end":{"line":75,"column":12}}]}},"code":["/* converts OSM XML to OSM JSON using a fast streaming parser */","var htmlparser = require('htmlparser2');","var _ = require(\"./lodash.custom.js\");","","var json = {","    \"version\": 0.6,","    \"elements\": []","};","var buffer = {};","var p = new htmlparser.Parser({","    onopentag: function(name, attr) {","        switch (name) {","        case \"node\":","        case \"way\":","        case \"relation\":","            buffer = {","                type: name,","                tags: {}","            }","            _.merge(buffer, attr);","            if (name === \"way\") {","                buffer.nodes = [];","                buffer.geometry = [];","            }","            if (name === \"relation\") {","                buffer.members = [];","                buffer.nodes = [];","                buffer.geometry = [];","            }","        break;","        case \"tag\":","            buffer.tags[attr.k] = attr.v;","        break;","        case \"nd\":","            buffer.nodes.push(attr.ref);","            if (attr.lat) {","                buffer.geometry.push({","                    lat: attr.lat,","                    lon: attr.lon","                });","            } else {","                buffer.geometry.push(null);","            }","        break;","        case \"member\":","            buffer.members.push(attr);","        break;","        case \"center\":","            buffer.center = {","                lat: attr.lat,","                lon: attr.lon","            };","        break;","        case \"bounds\":","            buffer.bounds = {","                minlat: attr.minlat,","                minlon: attr.minlon,","                maxlat: attr.maxlat,","                maxlon: attr.maxlon","            };","        }","    },","    ontext: function(text) {","    },","    onclosetag: function(name) {","        if (name === \"node\" || name === \"way\" || name === \"relation\" || name === \"area\") {","            // remove empty geometry or nodes arrays","            if (buffer.geometry && buffer.geometry.every(function(g) {return g===null;}))","                delete buffer.geometry;","            if (name === \"relation\")","                delete buffer.nodes;","            json.elements.push(buffer);","        }","        if (name === \"member\") {","            if (buffer.geometry) {","                buffer.members[buffer.members.length-1].geometry = buffer.geometry;","                buffer.geometry = [];","            }","        }","    }","}, {","    decodeEntities: true,","    xmlMode: true","});","","p.parseFromString = function(xml_str) { p.write(xml_str); p.end(); return json; }","p.getJSON = function() {","    return json;","}","","module.exports = p;",""],"l":{"2":1,"3":1,"5":1,"9":1,"10":1,"12":0,"16":0,"20":0,"21":0,"22":0,"23":0,"25":0,"26":0,"27":0,"28":0,"30":0,"32":0,"33":0,"35":0,"36":0,"37":0,"42":0,"44":0,"46":0,"47":0,"49":0,"53":0,"55":0,"66":0,"68":0,"69":0,"70":0,"71":0,"72":0,"74":0,"75":0,"76":0,"77":0,"86":1,"87":1,"88":0,"91":1}}}